Log file open, 05/26/16 15:25:34
LogInit:Display: Running engine for game: GamesCoursework
LogPlatformFile: Not using cached read wrapper
LogInit:Display: RandInit(-1751202551) SRandInit(-1751202550).
LogTaskGraph: Started task graph with 4 named threads and 7 total threads.
LogStats: Stats thread started at 0.066232
LogInit: Version: 4.11.2-2946394+++UE4+Release-4.11
LogInit: API Version: 2927265
LogInit: Compiled (64-bit): Apr 18 2016 02:18:46
LogInit: Compiled with Visual C++: 19.00.23026.00
LogInit: Build Configuration: Development
LogInit: Branch Name: ++UE4+Release-4.11
LogInit: Command line:  
LogInit: Base directory: D:/Programs/Programming/Epic Games/4.11/Engine/Binaries/Win64/
LogInit: Installed Engine Build: 1
LogInit: Using libcurl 7.41.0
LogInit:  - built for x86_64-pc-win32
LogInit:  - supports SSL with WinSSL
LogInit:  - other features:
LogInit:      CURL_VERSION_SSL
LogInit:      CURL_VERSION_IPV6
LogInit:      CURL_VERSION_ASYNCHDNS
LogInit:      CURL_VERSION_LARGEFILE
LogInit:      CURL_VERSION_IDN
LogInit:  CurlRequestOptions (configurable via config and command line):
LogInit:  - bVerifyPeer = true  - Libcurl will verify peer certificate
LogInit:  - bUseHttpProxy = false  - Libcurl will NOT use HTTP proxy
LogInit:  - bDontReuseConnections = false  - Libcurl will reuse connections
LogInit:  - CertBundlePath = nullptr  - Libcurl will use whatever was configured at build time.
LogInit: Presizing for max 16777216 objects, including 0 objects not considered by GC, pre-allocating 0 bytes for permanent pool.
LogInit: Object subsystem initialized
[2016.05.26-14.25.34:922][  0]LogInit: Selected Device Profile: [Windows]
[2016.05.26-14.25.34:922][  0]LogInit: Applying CVar settings loaded from the selected device profile: [Windows]
[2016.05.26-14.25.34:930][  0]LogInit: Computer: DESKTOP-P28QPIQ
[2016.05.26-14.25.34:930][  0]LogInit: User: Idiot
[2016.05.26-14.25.34:930][  0]LogInit: CPU Page size=65536, Cores=4
[2016.05.26-14.25.34:930][  0]LogInit: High frequency timer resolution =3.386478 MHz
[2016.05.26-14.25.34:930][  0]LogMemory: Memory total: Physical=8.0GB (8GB approx)
[2016.05.26-14.25.34:930][  0]LogMemory: Platform Memory Stats for Windows
[2016.05.26-14.25.34:930][  0]LogMemory: Process Physical Memory: 312.73 MB used, 312.73 MB peak
[2016.05.26-14.25.34:930][  0]LogMemory: Process Virtual Memory: 314.73 MB used, 314.73 MB peak
[2016.05.26-14.25.34:930][  0]LogMemory: Physical Memory: 3301.38 MB used, 8146.96 MB total
[2016.05.26-14.25.34:930][  0]LogMemory: Virtual Memory: 637.38 MB used, 134217728.00 MB total
[2016.05.26-14.25.34:956][  0]LogTextLocalizationManager: No specific translations for ('en-GB') exist, so ('en') translations will be used.
[2016.05.26-14.25.35:255][  0]LogD3D11RHI: D3D11 adapters:
[2016.05.26-14.25.35:262][  0]LogD3D11RHI:    0. 'AMD Radeon HD 7800 Series' (Feature Level 11_0)
[2016.05.26-14.25.35:262][  0]LogD3D11RHI:       2030MB of dedicated video memory, 0MB of dedicated system memory, and 4073MB of shared system memory, 1 output[s]
[2016.05.26-14.25.35:264][  0]LogD3D11RHI:    1. 'Microsoft Basic Render Driver' (Feature Level 11_0)
[2016.05.26-14.25.35:264][  0]LogD3D11RHI:       0MB of dedicated video memory, 0MB of dedicated system memory, and 4073MB of shared system memory, 0 output[s]
[2016.05.26-14.25.35:264][  0]LogD3D11RHI: Chosen D3D11 Adapter: 0
[2016.05.26-14.25.35:266][  0]LogD3D11RHI: Creating new Direct3DDevice
[2016.05.26-14.25.35:266][  0]LogD3D11RHI:     Adapter Name: AMD Radeon HD 7800 Series
[2016.05.26-14.25.35:266][  0]LogD3D11RHI:   Driver Version: Catalyst 15.8 (internal 16.200.1013.0)
[2016.05.26-14.25.35:266][  0]LogD3D11RHI:      Driver Date: 5-20-2016
[2016.05.26-14.25.35:266][  0]LogRHI: Texture pool is 1361 MB (70% of 1945 MB)
[2016.05.26-14.25.35:272][  0]LogD3D11RHI: Async texture creation disabled: no driver support
[2016.05.26-14.25.35:283][  0]LogShaderCompilers: Guid format shader working directory is -11 characters bigger than the processId version (../../../../../../../Files/UnrealProjects/GamesCoursework/Intermediate/Shaders/WorkingDirectory/6840/).
[2016.05.26-14.25.35:283][  0]LogShaderCompilers: Cleaned the shader compiler working directory 'C:/Users/Idiot/AppData/Local/Temp/UnrealShaderWorkingDir/DF6CE36A4A48A271739411A0F13FD4DC/'.
[2016.05.26-14.25.35:283][  0]LogShaderCompilers:Display: Using Local Shader Compiler.
[2016.05.26-14.25.36:068][  0]LogTemp:Display: Loaded TP AllDesktopTargetPlatform
[2016.05.26-14.25.36:071][  0]LogTemp:Display: Loaded TP WindowsClientTargetPlatform
[2016.05.26-14.25.36:075][  0]LogTemp:Display: Loaded TP WindowsNoEditorTargetPlatform
[2016.05.26-14.25.36:078][  0]LogTemp:Display: Loaded TP WindowsServerTargetPlatform
[2016.05.26-14.25.36:081][  0]LogTemp:Display: Loaded TP WindowsTargetPlatform
[2016.05.26-14.25.36:084][  0]LogTemp:Display: Loaded TP AndroidTargetPlatform
[2016.05.26-14.25.36:086][  0]LogTemp:Display: Loaded TP Android_ASTCTargetPlatform
[2016.05.26-14.25.36:088][  0]LogTemp:Display: Loaded TP Android_ATCTargetPlatform
[2016.05.26-14.25.36:090][  0]LogTemp:Display: Loaded TP Android_DXTTargetPlatform
[2016.05.26-14.25.36:092][  0]LogTemp:Display: Loaded TP Android_ETC1TargetPlatform
[2016.05.26-14.25.36:094][  0]LogTemp:Display: Loaded TP Android_ETC2TargetPlatform
[2016.05.26-14.25.36:099][  0]LogTemp:Display: Loaded TP Android_MultiTargetPlatform
[2016.05.26-14.25.36:099][  0]LogTemp:Display: Loaded TP Android_PVRTCTargetPlatform
[2016.05.26-14.25.36:099][  0]LogTemp:Display: Loaded TP HTML5TargetPlatform
[2016.05.26-14.25.36:115][  0]LogTemp:Display: Loaded TP IOSTargetPlatform
[2016.05.26-14.25.36:117][  0]LogTemp:Display: Loaded TP TVOSTargetPlatform
[2016.05.26-14.25.36:120][  0]LogTemp:Display: Loaded TP LinuxNoEditorTargetPlatform
[2016.05.26-14.25.36:122][  0]LogTemp:Display: Loaded TP LinuxServerTargetPlatform
[2016.05.26-14.25.36:124][  0]LogTemp:Display: Loaded TP LinuxTargetPlatform
[2016.05.26-14.25.36:124][  0]LogTargetPlatformManager:Display: Building Assets For Windows
[2016.05.26-14.25.36:177][  0]LogDerivedDataCache:Display: Max Cache Size: 512 MB
[2016.05.26-14.25.36:215][  0]LogDerivedDataCache: Loaded boot cache 0.04s 46MB C:/Users/Idiot/AppData/Local/UnrealEngine/4.11/DerivedDataCache/Boot.ddc.
[2016.05.26-14.25.36:216][  0]LogDerivedDataCache:Display: Loaded Boot cache: C:/Users/Idiot/AppData/Local/UnrealEngine/4.11/DerivedDataCache/Boot.ddc
[2016.05.26-14.25.36:216][  0]LogDerivedDataCache: FDerivedDataBackendGraph:  Pak pak cache file ../../../../../../../Files/UnrealProjects/GamesCoursework/DerivedDataCache/DDC.ddp not found, will not use a pak cache.
[2016.05.26-14.25.36:216][  0]LogDerivedDataCache: Unable to find inner node Pak for hierarchical cache Hierarchy.
[2016.05.26-14.25.36:216][  0]LogDerivedDataCache: FDerivedDataBackendGraph:  CompressedPak pak cache file ../../../../../../../Files/UnrealProjects/GamesCoursework/DerivedDataCache/Compressed.ddp not found, will not use a pak cache.
[2016.05.26-14.25.36:216][  0]LogDerivedDataCache: Unable to find inner node CompressedPak for hierarchical cache Hierarchy.
[2016.05.26-14.25.36:227][  0]LogDerivedDataCache:Display: Pak cache opened for reading ../../../Engine/DerivedDataCache/Compressed.ddp.
[2016.05.26-14.25.36:239][  0]LogDerivedDataCache: Using Local data cache path C:/Users/Idiot/AppData/Local/UnrealEngine/Common/DerivedDataCache: Writable
[2016.05.26-14.25.36:382][  0]LogInit: Selected Device Profile: [Windows]
[2016.05.26-14.25.36:382][  0]LogContentStreaming: Texture pool size is 0.00 MB
[2016.05.26-14.25.36:424][  0]LogMaterial: Uniform references updated for custom material expression Custom.
[2016.05.26-14.25.36:518][  0]LogMeshUtilities: No automatic mesh reduction module available
[2016.05.26-14.25.36:518][  0]LogMeshUtilities: No automatic mesh merging module available
[2016.05.26-14.25.36:518][  0]LogMeshUtilities: No distributed automatic mesh merging module available
[2016.05.26-14.25.36:700][  0]LogUObjectArray: 27679 objects as part of root set at end of initial load.
[2016.05.26-14.25.36:700][  0]LogUObjectAllocator: 5591592 out of 0 bytes used by permanent object pool.
[2016.05.26-14.25.36:700][  0]LogUObjectArray: CloseDisregardForGC: 0/0 objects in disregard for GC pool
[2016.05.26-14.25.36:704][  0]LogInit: WinSock: version 1.1 (2.2), MaxSocks=32767, MaxUdp=65467
[2016.05.26-14.25.36:763][  0]LogSlate: SlateFontCache - WITH_FREETYPE: 1, WITH_HARFBUZZ: 1
[2016.05.26-14.25.36:763][  0]LogSlate: SlateFontCache - WITH_FREETYPE: 1, WITH_HARFBUZZ: 1
[2016.05.26-14.25.36:855][  0]LogStreaming:Warning: Failed to read file '../../../Engine/Content/Editor/Slate/Common/Selection_16x.png' error.
[2016.05.26-14.25.36:855][  0]LogSlate: Could not find file for Slate resource: ../../../Engine/Content/Editor/Slate/Common/Selection_16x.png
[2016.05.26-14.25.36:855][  0]LogStreaming:Warning: Failed to read file '../../../Engine/Content/Editor/Slate/Common/Selection_16x.png' error.
[2016.05.26-14.25.36:855][  0]LogSlate: Could not find file for Slate resource: ../../../Engine/Content/Editor/Slate/Common/Selection_16x.png
[2016.05.26-14.25.36:855][  0]LogStreaming:Warning: Failed to read file '../../../Engine/Content/Editor/Slate/Common/Selection_16x.png' error.
[2016.05.26-14.25.36:855][  0]LogSlate: Could not find file for Slate resource: ../../../Engine/Content/Editor/Slate/Common/Selection_16x.png
[2016.05.26-14.25.37:334][  0]LogUdpMessaging: Initializing bridge on interface 0.0.0.0:0 to multicast group 230.0.0.1:6666.
[2016.05.26-14.25.37:445][  0]LogAssetRegistry: FAssetRegistry took 0.0217 seconds to start up
[2016.05.26-14.25.37:546][  0]SourceControl: Info Source control is disabled
[2016.05.26-14.25.37:546][  0]SourceControl: Info Source control is disabled
[2016.05.26-14.25.37:551][  0]SourceControl: Info Source control is disabled
[2016.05.26-14.25.37:556][  0]SourceControl: Info Source control is disabled
[2016.05.26-14.25.37:630][  0]LogHMD: Failed to initialize OpenVR with code 110
[2016.05.26-14.25.37:684][  0]LogEngine: Initializing Engine...
[2016.05.26-14.25.37:792][  0]LogAIModule: Creating AISystem for world NewWorld
[2016.05.26-14.25.37:798][  0]LogInit: XAudio2 using 'Speakers (Realtek High Definition Audio)' : 2 channels at 48 kHz using 32 bits per sample (channel mask 0x3)
[2016.05.26-14.25.37:819][  0]LogInit: FAudioDevice initialized.
[2016.05.26-14.25.37:838][  0]LogDerivedDataCache: Saved boot cache 0.02s 46MB C:/Users/Idiot/AppData/Local/UnrealEngine/4.11/DerivedDataCache/Boot.ddc.
[2016.05.26-14.25.37:842][  0]LogInit: Texture streaming: Enabled
[2016.05.26-14.25.37:856][  0]LogInit: Transaction tracking system initialized
[2016.05.26-14.25.37:871][  0]BlueprintLog: New page: Editor Load
[2016.05.26-14.25.37:942][  0]LocalizationService: Info Localization service is disabled
[2016.05.26-14.25.37:991][  0]LogConsoleResponse:Display: 
[2016.05.26-14.25.38:152][  0]LogCook:Display: Max memory allowance for cook 8192mb
[2016.05.26-14.25.38:152][  0]LogCook:Display: Mobile HDR setting 1
[2016.05.26-14.25.38:152][  0]LogCook:Display: Done creating registry. It took  0.00s.
[2016.05.26-14.25.38:189][  0]SourceControl: Info Source control is disabled
[2016.05.26-14.25.38:189][  0]Cmd: MAP LOAD FILE="../../../Engine/Content/Maps/Templates/Template_Default.umap" TEMPLATE=1 SHOWPROGRESS=1 FEATURELEVEL=3
[2016.05.26-14.25.38:189][  0]LightingResults: New page: Lighting Build
[2016.05.26-14.25.38:192][  0]MapCheck: New page: Map Check
[2016.05.26-14.25.38:192][  0]LightingResults: New page: Lighting Build
[2016.05.26-14.25.38:396][  0]LogAIModule: Creating AISystem for world Untitled_1
[2016.05.26-14.25.38:400][  0]LogEditorServer: Finished looking for orphan Actors (0.000 secs)
[2016.05.26-14.25.38:425][  0]Cmd: MAP CHECKDEP NOCLEARLOG
[2016.05.26-14.25.38:448][  0]MapCheck: Info Map check complete: 0 Error(s), 0 Warning(s), took 22.567ms to complete.
[2016.05.26-14.25.38:448][  0]LogFileHelpers: Loading map 'Template_Default' took 0.259
[2016.05.26-14.25.38:591][  0]LogCollectionManager: Loaded 0 collections in 0.053233 seconds
[2016.05.26-14.25.38:596][  0]LogCollectionManager: Rebuilt the GUID cache for 0 collections in 0.000003 seconds
[2016.05.26-14.25.38:602][  0]LogContentBrowser: Native class hierarchy populated in 0.0059 seconds. Added 1979 classes and 343 folders.
[2016.05.26-14.25.38:606][  0]LogStats: UGameplayTagsManager::ConstructGameplayTagTree: Construct from data asset -  0.000 s
[2016.05.26-14.25.38:606][  0]LogStats: UGameplayTagsManager::ConstructGameplayTagTree: GameplayTagTreeChangedEvent.Broadcast -  0.000 s
[2016.05.26-14.25.38:606][  0]LogContentBrowser: Native class hierarchy updated for 'GameplayTags' in 0.0003 seconds. Added 12 classes and 0 folders.
[2016.05.26-14.25.38:610][  0]LogContentBrowser: Native class hierarchy updated for 'WidgetCarousel' in 0.0002 seconds. Added 0 classes and 0 folders.
[2016.05.26-14.25.38:614][  0]LogContentBrowser: Native class hierarchy updated for 'SuperSearch' in 0.0003 seconds. Added 1 classes and 2 folders.
[2016.05.26-14.25.38:645][  0]LogContentBrowser: Native class hierarchy updated for 'AddContentDialog' in 0.0003 seconds. Added 0 classes and 0 folders.
[2016.05.26-14.25.38:648][  0]LogContentBrowser: Native class hierarchy updated for 'SceneOutliner' in 0.0002 seconds. Added 1 classes and 2 folders.
[2016.05.26-14.25.38:707][  0]LogCrashTracker: Crashtracker disabled due to settings.
[2016.05.26-14.25.38:710][  0]LogUObjectGlobals:Warning: Failed to find object 'Class None.'
[2016.05.26-14.25.38:734][  0]LogContentBrowser: Native class hierarchy updated for 'HierarchicalLODOutliner' in 0.0003 seconds. Added 1 classes and 2 folders.
[2016.05.26-14.25.38:734][  0]LogLoad: Full Startup: 4.43 seconds (BP compile: 0.03 seconds)
[2016.05.26-14.25.38:734][  0]LogExternalProfiler: Found external profiler: VSPerf
[2016.05.26-14.25.38:734][  0]LogExternalProfiler: Using external profiler: VSPerf
[2016.05.26-14.25.38:743][  0]LogOcInput: OculusInput pre-init called
[2016.05.26-14.25.38:761][  0]LogContentStreaming: Texture pool size now 1000 MB
[2016.05.26-14.25.38:872][  0]LogRenderer: Reallocating scene render targets to support 1368x580 (Frame:2).
[2016.05.26-14.25.39:885][ 90]LogFileCache: Scanning file cache for directory 'D:/Files/UnrealProjects/GamesCoursework/Content/' took 1.75s
[2016.05.26-14.25.39:885][ 90]LogFileCache: Scanning file cache for directory 'D:/Files/UnrealProjects/GamesCoursework/Saved/Collections/' took 1.27s
[2016.05.26-14.25.39:885][ 90]LogFileCache: Scanning file cache for directory 'D:/Files/UnrealProjects/GamesCoursework/Content/Developers/Idiot/Collections/' took 1.27s
[2016.05.26-14.25.39:885][ 90]LogFileCache: Scanning file cache for directory 'D:/Files/UnrealProjects/GamesCoursework/Content/Collections/' took 1.27s
[2016.05.26-14.25.39:885][ 90]LogFileCache: Retrieving MD5 hashes for directory 'D:/Files/UnrealProjects/GamesCoursework/Content/' took 0.00s
[2016.05.26-14.25.40:037][ 97]LogAssetRegistry: Asset discovery search completed in 2.6142 seconds
[2016.05.26-14.25.40:037][ 97]LogCollectionManager: Rebuilt the object cache for 0 collections in 0.000001 seconds (found 0 objects)
[2016.05.26-14.25.40:037][ 97]LogCollectionManager: Fixed up redirectors for 0 collections in 0.000036 seconds (updated 0 objects)
[2016.05.26-14.25.43:283][290]LogBlueprint:Warning: USimpleConstructionScript::FixupRootNodeParentReferences() - Couldn't find inherited parent component 'DefaultSceneRoot' for 'StaticMesh' in BlueprintGeneratedClass 'REINST_MyWoodTile_C_18' (it may have been removed)
[2016.05.26-14.25.43:286][290]LogBlueprint:Warning: USimpleConstructionScript::FixupRootNodeParentReferences() - Couldn't find inherited parent component 'DefaultSceneRoot' for 'StaticMesh' in BlueprintGeneratedClass 'REINST_MyStoneTile_C_21' (it may have been removed)
[2016.05.26-14.25.43:289][290]LogBlueprint:Warning: USimpleConstructionScript::FixupRootNodeParentReferences() - Couldn't find inherited parent component 'DefaultSceneRoot' for 'StaticMesh' in BlueprintGeneratedClass 'REINST_MyHutTile_C_24' (it may have been removed)
[2016.05.26-14.25.43:292][290]LogBlueprint:Warning: USimpleConstructionScript::FixupRootNodeParentReferences() - Couldn't find inherited parent component 'DefaultSceneRoot' for 'StaticMesh' in BlueprintGeneratedClass 'REINST_MyFarmTile_C_27' (it may have been removed)
[2016.05.26-14.25.43:327][290]LogBlueprint:Warning: USimpleConstructionScript::FixupRootNodeParentReferences() - Couldn't find inherited parent component 'DefaultSceneRoot' for 'Campfire' in BlueprintGeneratedClass 'REINST_MyFireTile_C_32' (it may have been removed)
[2016.05.26-14.25.43:908][290]LogPackageName:Warning: String asset reference "Env_Ice_Rocky.Mesh.Env_Ice_NordHeed01" is in short form, which is unsupported and -- even if valid -- resolving it will be really slow. Please consider resaving package in order to speed-up loading.
[2016.05.26-14.25.43:978][290]LogPackageName: SearchForPackageOnDisk took   0.070s, but failed to resolve Env_Ice_Rocky.
[2016.05.26-14.25.43:978][290]LogPackageName:Warning: String asset reference "Env_Ice_Rocky.Mesh.Env_Ice_NordHeed01" could not be resolved.
[2016.05.26-14.25.44:256][290]LogAIModule: Creating AISystem for world MyGameMap
[2016.05.26-14.25.44:318][290]Cmd: MAP LOAD FILE="../../../../../../../Files/UnrealProjects/GamesCoursework/Content/MyGameMap.umap" TEMPLATE=0 SHOWPROGRESS=1 FEATURELEVEL=3
[2016.05.26-14.25.44:318][290]LightingResults: New page: Lighting Build
[2016.05.26-14.25.44:333][290]LoadErrors: New page: Loading map: MyGameMap.umap
[2016.05.26-14.25.44:333][290]MapCheck: New page: Map Check
[2016.05.26-14.25.44:333][290]LightingResults: New page: Lighting Build
[2016.05.26-14.25.44:420][290]LogEditorServer: Finished looking for orphan Actors (0.000 secs)
[2016.05.26-14.25.44:442][290]Cmd: MAP CHECKDEP NOCLEARLOG
[2016.05.26-14.25.44:473][290]MapCheck: Info Map check complete: 0 Error(s), 0 Warning(s), took 30.589ms to complete.
[2016.05.26-14.25.44:473][290]LogFileHelpers: Loading map 'MyGameMap' took 0.156
[2016.05.26-14.25.46:129][478]LogBlueprintUserMessages: Early PlayInEditor Detection: Level '/Game/MyGameMap.MyGameMap:PersistentLevel' has LevelScriptBlueprint '/Game/MyGameMap.MyGameMap:PersistentLevel.MyGameMap' with GeneratedClass '/Game/MyGameMap.MyGameMap_C' with ClassGeneratedBy '/Game/MyGameMap.MyGameMap:PersistentLevel.MyGameMap'
[2016.05.26-14.25.46:129][478]LogPlayLevel: PlayLevel: No blueprints needed recompiling
[2016.05.26-14.25.46:130][478]PIE: New page: PIE session: MyGameMap (26 May 2016 15:25:46)
[2016.05.26-14.25.46:130][478]LogPlayLevel: Creating play world package: /Game/UEDPIE_0_MyGameMap
[2016.05.26-14.25.46:140][478]LogPlayLevel: PIE: StaticDuplicateObject took: (0.010366s)
[2016.05.26-14.25.46:141][478]LogAIModule: Creating AISystem for world MyGameMap
[2016.05.26-14.25.46:141][478]LogPlayLevel: PIE: World Init took: (0.000508s)
[2016.05.26-14.25.46:141][478]LogPlayLevel: PIE: Created PIE world by copying editor world from /Game/MyGameMap.MyGameMap to /Game/UEDPIE_0_MyGameMap.MyGameMap (0.011045s)
[2016.05.26-14.25.46:154][478]LogInit: XAudio2 using 'Speakers (Realtek High Definition Audio)' : 2 channels at 48 kHz using 32 bits per sample (channel mask 0x3)
[2016.05.26-14.25.46:161][478]LogInit: FAudioDevice initialized.
[2016.05.26-14.25.46:253][478]LogWorld: Game class is 'MyGameMode_C'
[2016.05.26-14.25.46:258][478]LogWorld: Bringing World /Game/UEDPIE_0_MyGameMap.MyGameMap up for play (max tick rate 0) at 2016.05.26-15.25.46
[2016.05.26-14.25.46:259][478]LogWorld: Bringing up level for play took: 0.004902
[2016.05.26-14.25.46:261][478]LogContentBrowser: Native class hierarchy updated for 'MovieSceneCapture' in 0.0003 seconds. Added 9 classes and 0 folders.
[2016.05.26-14.25.46:264][478]PIE: Info Play in editor start time for /Game/UEDPIE_0_MyGameMap 1.09
[2016.05.26-14.25.46:264][478]LogBlueprintUserMessages: Late PlayInEditor Detection: Level '/Game/MyGameMap.MyGameMap:PersistentLevel' has LevelScriptBlueprint '/Game/MyGameMap.MyGameMap:PersistentLevel.MyGameMap' with GeneratedClass '/Game/MyGameMap.MyGameMap_C' with ClassGeneratedBy '/Game/MyGameMap.MyGameMap:PersistentLevel.MyGameMap'
[2016.05.26-14.28.18:885][779]Cmd: RestartLevel
[2016.05.26-14.28.18:885][779]LogNet: Browse: /Game/MyGameMap?restart
[2016.05.26-14.28.18:885][779]LogLoad: LoadMap: /Game/MyGameMap
[2016.05.26-14.28.18:895][779]Cmd: MEM
[2016.05.26-14.28.18:901][779]LogMemory: Platform Memory Stats for Windows
[2016.05.26-14.28.18:901][779]LogMemory: Process Physical Memory: 954.52 MB used, 954.52 MB peak
[2016.05.26-14.28.18:901][779]LogMemory: Process Virtual Memory: 1500.71 MB used, 1511.27 MB peak
[2016.05.26-14.28.18:901][779]LogMemory: Physical Memory: 3397.50 MB used, 8146.96 MB total
[2016.05.26-14.28.18:901][779]LogMemory: Virtual Memory: 2166.15 MB used, 134217728.00 MB total
[2016.05.26-14.28.18:901][779]LogMemory: 
[2016.05.26-14.28.18:901][779]Allocator Stats for TBB: (not implemented)
[2016.05.26-14.28.18:901][779]LogPlayLevel: Creating play world package: /Game/UEDPIE_0_MyGameMap
[2016.05.26-14.28.18:912][779]LogPlayLevel: PIE: StaticDuplicateObject took: (0.010525s)
[2016.05.26-14.28.18:912][779]LogAIModule: Creating AISystem for world MyGameMap
[2016.05.26-14.28.18:912][779]LogPlayLevel: PIE: World Init took: (0.000472s)
[2016.05.26-14.28.18:912][779]LogPlayLevel: PIE: Created PIE world by copying editor world from /Game/MyGameMap.MyGameMap to /Game/UEDPIE_0_MyGameMap.MyGameMap (0.011172s)
[2016.05.26-14.28.18:912][779]LogWorld: Game class is 'MyGameMode_C'
[2016.05.26-14.28.18:917][779]LogWorld: Bringing World /Game/UEDPIE_0_MyGameMap.MyGameMap up for play (max tick rate 0) at 2016.05.26-15.28.18
[2016.05.26-14.28.18:918][779]LogWorld: Bringing up level for play took: 0.005210
[2016.05.26-14.28.18:919][779]LogGameMode: Warning - PATHS NOT DEFINED or NO PLAYERSTART with positive rating
[2016.05.26-14.43.23:782][287]LogBlueprintUserMessages: Early EndPlayMap Detection: Level '/Game/MyGameMap.MyGameMap:PersistentLevel' has LevelScriptBlueprint '/Game/MyGameMap.MyGameMap:PersistentLevel.MyGameMap' with GeneratedClass '/Game/MyGameMap.MyGameMap_C' with ClassGeneratedBy '/Game/MyGameMap.MyGameMap:PersistentLevel.MyGameMap'
[2016.05.26-14.43.23:819][287]LogBlueprintUserMessages: Late EndPlayMap Detection: Level '/Game/MyGameMap.MyGameMap:PersistentLevel' has LevelScriptBlueprint '/Game/MyGameMap.MyGameMap:PersistentLevel.MyGameMap' with GeneratedClass '/Game/MyGameMap.MyGameMap_C' with ClassGeneratedBy '/Game/MyGameMap.MyGameMap:PersistentLevel.MyGameMap'
[2016.05.26-14.43.23:949][288]Cmd: QUIT_EDITOR
[2016.05.26-14.43.24:731][288]LogWindowsTextInputMethodSystem:Display: IME system now deactivated.
[2016.05.26-14.43.24:795][288]LogExit: Preparing to exit.
[2016.05.26-14.43.25:779][288]LogExit: Editor shut down
[2016.05.26-14.43.25:779][288]LogExit: Transaction tracking system shut down
[2016.05.26-14.43.25:868][288]LogObj: Freed 0b from 0 cluster array pools.
[2016.05.26-14.43.25:868][288]LogExit: Object subsystem successfully closed.
[2016.05.26-14.43.25:888][288]LogD3D11RHI: Shutdown
[2016.05.26-14.43.25:888][288]LogD3D11RHI: CleanupD3DDevice
[2016.05.26-14.43.25:938][288]LogD3D11RHI: ~FD3D11DynamicRHI
[2016.05.26-14.43.25:955][288]LogDerivedDataCache: Shutdown
[2016.05.26-14.43.25:955][288]LogModuleManager: Shutting down and abandoning module MovieSceneCapture (205)
[2016.05.26-14.43.25:955][288]LogModuleManager: Shutting down and abandoning module HierarchicalLODOutliner (204)
[2016.05.26-14.43.25:955][288]LogModuleManager: Shutting down and abandoning module CrashTracker (203)
[2016.05.26-14.43.25:955][288]LogModuleManager: Shutting down and abandoning module SceneOutliner (202)
[2016.05.26-14.43.25:955][288]LogModuleManager: Shutting down and abandoning module SuperSearch (201)
[2016.05.26-14.43.25:955][288]LogModuleManager: Shutting down and abandoning module WidgetCarousel (200)
[2016.05.26-14.43.25:955][288]LogModuleManager: Shutting down and abandoning module AddContentDialog (199)
[2016.05.26-14.43.25:956][288]LogModuleManager: Shutting down and abandoning module GameplayTags (198)
[2016.05.26-14.43.25:956][288]LogModuleManager: Shutting down and abandoning module EditorWidgets (197)
[2016.05.26-14.43.25:956][288]LogModuleManager: Shutting down and abandoning module CollectionManager (196)
[2016.05.26-14.43.25:956][288]LogModuleManager: Shutting down and abandoning module StatsViewer (195)
[2016.05.26-14.43.25:956][288]LogModuleManager: Shutting down and abandoning module FoliageEdit (194)
[2016.05.26-14.43.25:956][288]LogModuleManager: Shutting down and abandoning module LandscapeEditor (193)
[2016.05.26-14.43.25:957][288]LogModuleManager: Shutting down and abandoning module ActorPickerMode (192)
[2016.05.26-14.43.25:957][288]LogModuleManager: Shutting down and abandoning module GeometryMode (191)
[2016.05.26-14.43.25:957][288]LogModuleManager: Shutting down and abandoning module TextureAlignMode (190)
[2016.05.26-14.43.25:957][288]LogModuleManager: Shutting down and abandoning module BspMode (189)
[2016.05.26-14.43.25:957][288]LogModuleManager: Shutting down and abandoning module PlacementMode (188)
[2016.05.26-14.43.25:957][288]LogModuleManager: Shutting down and abandoning module AutomationWorker (187)
[2016.05.26-14.43.25:957][288]LogModuleManager: Shutting down and abandoning module CharacterAI (186)
[2016.05.26-14.43.25:957][288]LogModuleManager: Shutting down and abandoning module SmartSnapping (185)
[2016.05.26-14.43.25:957][288]LogModuleManager: Shutting down and abandoning module ViewportSnapping (184)
[2016.05.26-14.43.25:957][288]LogModuleManager: Shutting down and abandoning module LogVisualizer (183)
[2016.05.26-14.43.25:957][288]LogModuleManager: Shutting down and abandoning module GameProjectGeneration (182)
[2016.05.26-14.43.25:957][288]LogModuleManager: Shutting down and abandoning module IntroTutorials (181)
[2016.05.26-14.43.25:957][288]LogModuleManager: Shutting down and abandoning module EditorLiveStreaming (180)
[2016.05.26-14.43.25:957][288]LogModuleManager: Shutting down and abandoning module IOSPlatformEditor (179)
[2016.05.26-14.43.25:957][288]LogModuleManager: Shutting down and abandoning module HTML5PlatformEditor (178)
[2016.05.26-14.43.25:957][288]LogModuleManager: Shutting down and abandoning module AndroidDeviceDetection (177)
[2016.05.26-14.43.26:280][288]LogModuleManager: Shutting down and abandoning module AndroidPlatformEditor (176)
[2016.05.26-14.43.26:280][288]LogModuleManager: Shutting down and abandoning module IOSRuntimeSettings (175)
[2016.05.26-14.43.26:280][288]LogModuleManager: Shutting down and abandoning module AndroidRuntimeSettings (174)
[2016.05.26-14.43.26:280][288]LogModuleManager: Shutting down and abandoning module MergeActors (173)
[2016.05.26-14.43.26:280][288]LogModuleManager: Shutting down and abandoning module SizeMap (172)
[2016.05.26-14.43.26:280][288]LogModuleManager: Shutting down and abandoning module TreeMap (171)
[2016.05.26-14.43.26:280][288]LogModuleManager: Shutting down and abandoning module ReferenceViewer (170)
[2016.05.26-14.43.26:280][288]LogModuleManager: Shutting down and abandoning module LocalizationService (169)
[2016.05.26-14.43.26:280][288]LogModuleManager: Shutting down and abandoning module LocalizationDashboard (168)
[2016.05.26-14.43.26:281][288]LogModuleManager: Shutting down and abandoning module HardwareTargeting (167)
[2016.05.26-14.43.26:281][288]LogModuleManager: Shutting down and abandoning module DeviceProfileEditor (166)
[2016.05.26-14.43.26:281][288]LogModuleManager: Shutting down and abandoning module UndoHistory (165)
[2016.05.26-14.43.26:281][288]LogModuleManager: Shutting down and abandoning module UserFeedback (164)
[2016.05.26-14.43.26:281][288]LogModuleManager: Shutting down and abandoning module XmlParser (163)
[2016.05.26-14.43.26:281][288]LogModuleManager: Shutting down and abandoning module Blutility (162)
[2016.05.26-14.43.26:281][288]LogModuleManager: Shutting down and abandoning module ProjectTargetPlatformEditor (161)
[2016.05.26-14.43.26:281][288]LogModuleManager: Shutting down and abandoning module ProjectSettingsViewer (160)
[2016.05.26-14.43.26:281][288]LogModuleManager: Shutting down and abandoning module InputBindingEditor (159)
[2016.05.26-14.43.26:281][288]LogModuleManager: Shutting down and abandoning module EditorSettingsViewer (158)
[2016.05.26-14.43.26:281][288]LogModuleManager: Shutting down and abandoning module SettingsEditor (157)
[2016.05.26-14.43.26:281][288]LogModuleManager: Shutting down and abandoning module ProjectLauncher (156)
[2016.05.26-14.43.26:281][288]LogModuleManager: Shutting down and abandoning module SessionFrontend (155)
[2016.05.26-14.43.26:281][288]LogModuleManager: Shutting down and abandoning module ProfilerClient (154)
[2016.05.26-14.43.26:281][288]LogModuleManager: Shutting down and abandoning module TargetDeviceServices (153)
[2016.05.26-14.43.26:281][288]LogModuleManager: Shutting down and abandoning module DeviceManager (152)
[2016.05.26-14.43.26:324][288]LogModuleManager: Shutting down and abandoning module AutomationController (151)
[2016.05.26-14.43.26:324][288]LogModuleManager: Shutting down and abandoning module AutomationWindow (150)
[2016.05.26-14.43.26:324][288]LogModuleManager: Shutting down and abandoning module Layers (149)
[2016.05.26-14.43.26:324][288]LogModuleManager: Shutting down and abandoning module ComponentVisualizers (148)
[2016.05.26-14.43.26:324][288]LogModuleManager: Shutting down and abandoning module DetailCustomizations (147)
[2016.05.26-14.43.26:324][288]LogModuleManager: Shutting down and abandoning module PackagesDialog (146)
[2016.05.26-14.43.26:324][288]LogModuleManager: Shutting down and abandoning module Persona (145)
[2016.05.26-14.43.26:324][288]LogModuleManager: Shutting down and abandoning module Kismet (144)
[2016.05.26-14.43.26:324][288]LogModuleManager: Shutting down and abandoning module GraphEditor (143)
[2016.05.26-14.43.26:324][288]LogModuleManager: Shutting down and abandoning module ClassViewer (142)
[2016.05.26-14.43.26:324][288]LogModuleManager: Shutting down and abandoning module Toolbox (141)
[2016.05.26-14.43.26:324][288]LogModuleManager: Shutting down and abandoning module ModuleUI (140)
[2016.05.26-14.43.26:324][288]LogModuleManager: Shutting down and abandoning module MovieSceneTools (139)
[2016.05.26-14.43.26:324][288]LogModuleManager: Shutting down and abandoning module OutputLog (138)
[2016.05.26-14.43.26:324][288]LogModuleManager: Shutting down and abandoning module GammaUI (137)
[2016.05.26-14.43.26:324][288]LogModuleManager: Shutting down and abandoning module Documentation (136)
[2016.05.26-14.43.26:324][288]LogModuleManager: Shutting down and abandoning module StreamingPauseRendering (135)
[2016.05.26-14.43.26:324][288]LogModuleManager: Shutting down and abandoning module AnalyticsET (134)
[2016.05.26-14.43.26:324][288]LogModuleManager: Shutting down and abandoning module Analytics (133)
[2016.05.26-14.43.26:324][288]LogModuleManager: Shutting down and abandoning module PortalServices (132)
[2016.05.26-14.43.26:324][288]LogModuleManager: Shutting down and abandoning module PortalRpc (131)
[2016.05.26-14.43.26:324][288]LogModuleManager: Shutting down and abandoning module MessagingRpc (130)
[2016.05.26-14.43.26:324][288]LogModuleManager: Shutting down and abandoning module AITestSuite (129)
[2016.05.26-14.43.26:324][288]LogModuleManager: Shutting down and abandoning module GameplayDebugger (128)
[2016.05.26-14.43.26:324][288]LogModuleManager: Shutting down and abandoning module AIModule (127)
[2016.05.26-14.43.26:324][288]LogModuleManager: Shutting down and abandoning module ProfilerService (126)
[2016.05.26-14.43.26:534][288]LogModuleManager: Shutting down and abandoning module TaskGraph (125)
[2016.05.26-14.43.26:534][288]LogModuleManager: Shutting down and abandoning module SlateRemote (124)
[2016.05.26-14.43.26:534][288]LogModuleManager: Shutting down and abandoning module SteamVRController (123)
[2016.05.26-14.43.26:534][288]LogModuleManager: Shutting down and abandoning module SteamVR (122)
[2016.05.26-14.43.26:534][288]LogModuleManager: Shutting down and abandoning module ProceduralMeshComponent (121)
[2016.05.26-14.43.26:534][288]LogModuleManager: Shutting down and abandoning module OculusLibrary (120)
[2016.05.26-14.43.26:534][288]LogModuleManager: Shutting down and abandoning module OculusInput (119)
[2016.05.26-14.43.26:535][288]LogModuleManager: Shutting down and abandoning module CustomMeshComponent (118)
[2016.05.26-14.43.26:535][288]LogModuleManager: Shutting down and abandoning module CableComponent (117)
[2016.05.26-14.43.26:535][288]LogModuleManager: Shutting down and abandoning module ArchVisCharacter (116)
[2016.05.26-14.43.26:535][288]LogModuleManager: Shutting down and abandoning module MediaPlayerEditor (115)
[2016.05.26-14.43.26:535][288]LogModuleManager: Shutting down and abandoning module HTML5Networking (114)
[2016.05.26-14.43.26:535][288]LogModuleManager: Shutting down and abandoning module SpeedTreeImporter (113)
[2016.05.26-14.43.26:535][288]LogModuleManager: Shutting down and abandoning module PluginBrowser (112)
[2016.05.26-14.43.26:535][288]LogModuleManager: Shutting down and abandoning module EpicSurvey (111)
[2016.05.26-14.43.26:535][288]LogModuleManager: Shutting down and abandoning module DesktopPlatform (110)
[2016.05.26-14.43.26:535][288]LogModuleManager: Shutting down and abandoning module VisualStudioSourceCodeAccess (109)
[2016.05.26-14.43.26:535][288]LogModuleManager: Shutting down and abandoning module UObjectPlugin (108)
[2016.05.26-14.43.26:535][288]LogModuleManager: Shutting down and abandoning module SubversionSourceControl (107)
[2016.05.26-14.43.26:535][288]LogModuleManager: Shutting down and abandoning module PerforceSourceControl (106)
[2016.05.26-14.43.26:535][288]LogModuleManager: Shutting down and abandoning module SourceControl (105)
[2016.05.26-14.43.26:535][288]LogModuleManager: Shutting down and abandoning module GitSourceControl (104)
[2016.05.26-14.43.26:535][288]LogModuleManager: Shutting down and abandoning module LightPropagationVolumeEditor (103)
[2016.05.26-14.43.26:535][288]LogModuleManager: Shutting down and abandoning module PaperTiledImporter (102)
[2016.05.26-14.43.26:535][288]LogModuleManager: Shutting down and abandoning module PaperSpriteSheetImporter (101)
[2016.05.26-14.43.26:535][288]LogModuleManager: Shutting down and abandoning module MeshPaint (100)
[2016.05.26-14.43.26:535][288]LogModuleManager: Shutting down and abandoning module HotReload (99)
[2016.05.26-14.43.26:536][288]LogModuleManager: Shutting down and abandoning module MainFrame (98)
[2016.05.26-14.43.26:536][288]LogModuleManager: Shutting down and abandoning module LevelEditor (97)
[2016.05.26-14.43.26:537][288]LogModuleManager: Shutting down and abandoning module DirectoryWatcher (96)
[2016.05.26-14.43.26:538][288]LogModuleManager: Shutting down and abandoning module AssetRegistry (95)
[2016.05.26-14.43.26:676][288]LogModuleManager: Shutting down and abandoning module ContentBrowser (94)
[2016.05.26-14.43.26:677][288]LogModuleManager: Shutting down and abandoning module Paper2DEditor (93)
[2016.05.26-14.43.26:677][288]LogModuleManager: Shutting down and abandoning module UdpMessaging (92)
[2016.05.26-14.43.26:778][288]LogModuleManager: Shutting down and abandoning module LightPropagationVolumeRuntime (91)
[2016.05.26-14.43.26:778][288]LogModuleManager: Shutting down and abandoning module Paper2D (90)
[2016.05.26-14.43.26:778][288]LogModuleManager: Shutting down and abandoning module WindowsMoviePlayer (89)
[2016.05.26-14.43.26:778][288]LogModuleManager: Shutting down and abandoning module Media (88)
[2016.05.26-14.43.26:778][288]LogModuleManager: Shutting down and abandoning module WmfMedia (87)
[2016.05.26-14.43.26:778][288]LogModuleManager: Shutting down and abandoning module MediaAssets (86)
[2016.05.26-14.43.26:778][288]LogModuleManager: Shutting down and abandoning module GameLiveStreaming (85)
[2016.05.26-14.43.26:778][288]LogModuleManager: Shutting down and abandoning module GameplayTagsEditor (84)
[2016.05.26-14.43.26:778][288]LogModuleManager: Shutting down and abandoning module OnlineBlueprintSupport (83)
[2016.05.26-14.43.26:778][288]LogModuleManager: Shutting down and abandoning module GameplayTasksEditor (82)
[2016.05.26-14.43.26:778][288]LogModuleManager: Shutting down and abandoning module PropertyEditor (81)
[2016.05.26-14.43.26:778][288]LogModuleManager: Shutting down and abandoning module BehaviorTreeEditor (80)
[2016.05.26-14.43.26:778][288]LogModuleManager: Shutting down and abandoning module FunctionalTesting (79)
[2016.05.26-14.43.26:778][288]LogModuleManager: Shutting down and abandoning module CollisionAnalyzer (78)
[2016.05.26-14.43.26:778][288]LogModuleManager: Shutting down and abandoning module WorkspaceMenuStructure (77)
[2016.05.26-14.43.26:778][288]LogModuleManager: Shutting down and abandoning module MessageLog (76)
[2016.05.26-14.43.26:778][288]LogModuleManager: Shutting down and abandoning module Sequencer (75)
[2016.05.26-14.43.26:778][288]LogModuleManager: Shutting down and abandoning module AssetTools (74)
[2016.05.26-14.43.26:779][288]LogModuleManager: Shutting down and abandoning module UMGEditor (73)
[2016.05.26-14.43.26:779][288]LogModuleManager: Shutting down and abandoning module UMG (72)
[2016.05.26-14.43.26:779][288]LogModuleManager: Shutting down and abandoning module SlateReflector (71)
[2016.05.26-14.43.26:779][288]LogModuleManager: Shutting down and abandoning module Slate (70)
[2016.05.26-14.43.26:779][288]LogModuleManager: Shutting down and abandoning module EditorStyle (69)
[2016.05.26-14.43.26:782][288]LogModuleManager: Shutting down and abandoning module SessionServices (68)
[2016.05.26-14.43.26:782][288]LogModuleManager: Shutting down and abandoning module SourceCodeAccess (67)
[2016.05.26-14.43.26:782][288]LogModuleManager: Shutting down and abandoning module HeadMountedDisplay (66)
[2016.05.26-14.43.26:782][288]LogModuleManager: Shutting down and abandoning module XAudio2 (65)
[2016.05.26-14.43.26:782][288]LogModuleManager: Shutting down and abandoning module Networking (63)
[2016.05.26-14.43.26:782][288]LogModuleManager: Shutting down and abandoning module Core (62)
[2016.05.26-14.43.26:782][288]LogModuleManager: Shutting down and abandoning module KismetCompiler (61)
[2016.05.26-14.43.26:782][288]LogModuleManager: Shutting down and abandoning module PhysXFormats (60)
[2016.05.26-14.43.26:782][288]LogModuleManager: Shutting down and abandoning module MeshUtilities (59)
[2016.05.26-14.43.26:782][288]LogModuleManager: Shutting down and abandoning module CookingStats (58)
[2016.05.26-14.43.26:782][288]LogModuleManager: Shutting down and abandoning module DerivedDataCache (57)
[2016.05.26-14.43.26:782][288]LogDerivedDataCache: Shutdown
[2016.05.26-14.43.26:782][288]LogModuleManager: Shutting down and abandoning module ShaderFormatOpenGL (56)
[2016.05.26-14.43.26:782][288]LogModuleManager: Shutting down and abandoning module ShaderFormatD3D (55)
[2016.05.26-14.43.26:782][288]LogModuleManager: Shutting down and abandoning module MetalShaderFormat (54)
[2016.05.26-14.43.26:782][288]LogModuleManager: Shutting down and abandoning module TextureFormatUncompressed (53)
[2016.05.26-14.43.26:782][288]LogModuleManager: Shutting down and abandoning module TextureFormatPVR (52)
[2016.05.26-14.43.26:782][288]LogModuleManager: Shutting down and abandoning module TextureFormatIntelISPCTexComp (51)
[2016.05.26-14.43.26:782][288]LogModuleManager: Shutting down and abandoning module TextureFormatDXT (50)
[2016.05.26-14.43.26:782][288]LogModuleManager: Shutting down and abandoning module ImageWrapper (49)
[2016.05.26-14.43.26:782][288]LogModuleManager: Shutting down and abandoning module TextureFormatASTC (48)
[2016.05.26-14.43.26:782][288]LogModuleManager: Shutting down and abandoning module TextureFormatAndroid (47)
[2016.05.26-14.43.26:783][288]LogModuleManager: Shutting down and abandoning module AudioFormatOpus (46)
[2016.05.26-14.43.26:783][288]LogModuleManager: Shutting down and abandoning module AudioFormatOgg (45)
[2016.05.26-14.43.26:783][288]LogModuleManager: Shutting down and abandoning module AudioFormatADPCM (44)
[2016.05.26-14.43.26:783][288]LogModuleManager: Shutting down and abandoning module LinuxTargetPlatform (43)
[2016.05.26-14.43.26:783][288]LogModuleManager: Shutting down and abandoning module LinuxServerTargetPlatform (42)
[2016.05.26-14.43.26:783][288]LogModuleManager: Shutting down and abandoning module LinuxNoEditorTargetPlatform (41)
[2016.05.26-14.43.26:783][288]LogModuleManager: Shutting down and abandoning module TVOSTargetPlatform (40)
[2016.05.26-14.43.26:783][288]LogModuleManager: Shutting down and abandoning module Messaging (39)
[2016.05.26-14.43.26:783][288]LogModuleManager: Shutting down and abandoning module IOSTargetPlatform (38)
[2016.05.26-14.43.26:783][288]LogModuleManager: Shutting down and abandoning module HTML5TargetPlatform (37)
[2016.05.26-14.43.26:783][288]LogModuleManager: Shutting down and abandoning module Android_PVRTCTargetPlatform (36)
[2016.05.26-14.43.26:783][288]LogModuleManager: Shutting down and abandoning module Android_MultiTargetPlatform (35)
[2016.05.26-14.43.26:783][288]LogModuleManager: Shutting down and abandoning module Android_ETC2TargetPlatform (34)
[2016.05.26-14.43.26:783][288]LogModuleManager: Shutting down and abandoning module Android_ETC1TargetPlatform (33)
[2016.05.26-14.43.26:783][288]LogModuleManager: Shutting down and abandoning module Android_DXTTargetPlatform (32)
[2016.05.26-14.43.26:783][288]LogModuleManager: Shutting down and abandoning module Android_ATCTargetPlatform (31)
[2016.05.26-14.43.26:783][288]LogModuleManager: Shutting down and abandoning module Android_ASTCTargetPlatform (30)
[2016.05.26-14.43.26:783][288]LogModuleManager: Shutting down and abandoning module AndroidTargetPlatform (29)
[2016.05.26-14.43.26:783][288]LogModuleManager: Shutting down and abandoning module WindowsTargetPlatform (28)
[2016.05.26-14.43.26:783][288]LogModuleManager: Shutting down and abandoning module WindowsServerTargetPlatform (27)
[2016.05.26-14.43.26:783][288]LogModuleManager: Shutting down and abandoning module WindowsNoEditorTargetPlatform (26)
[2016.05.26-14.43.26:783][288]LogModuleManager: Shutting down and abandoning module WindowsClientTargetPlatform (25)
[2016.05.26-14.43.26:783][288]LogModuleManager: Shutting down and abandoning module AllDesktopTargetPlatform (24)
[2016.05.26-14.43.26:783][288]LogModuleManager: Shutting down and abandoning module TargetPlatform (23)
[2016.05.26-14.43.26:783][288]LogModuleManager: Shutting down and abandoning module InputCore (22)
[2016.05.26-14.43.26:783][288]LogModuleManager: Shutting down and abandoning module Settings (21)
[2016.05.26-14.43.26:783][288]LogModuleManager: Shutting down and abandoning module OnlineSubsystem (19)
[2016.05.26-14.43.26:783][288]LogModuleManager: Shutting down and abandoning module HTTP (18)
[2016.05.26-14.43.28:787][288]LogModuleManager: Shutting down and abandoning module XMPP (17)
[2016.05.26-14.43.28:787][288]LogModuleManager: Shutting down and abandoning module OculusRift (16)
[2016.05.26-14.43.28:787][288]LogModuleManager: Shutting down and abandoning module ExampleDeviceProfileSelector (15)
[2016.05.26-14.43.28:787][288]LogModuleManager: Shutting down and abandoning module TextureCompressor (14)
[2016.05.26-14.43.28:787][288]LogModuleManager: Shutting down and abandoning module ShaderCore (13)
[2016.05.26-14.43.28:787][288]LogModuleManager: Shutting down and abandoning module Landscape (12)
[2016.05.26-14.43.28:787][288]LogModuleManager: Shutting down and abandoning module SlateRHIRenderer (11)
[2016.05.26-14.43.28:788][288]LogModuleManager: Shutting down and abandoning module OpenGLDrv (10)
[2016.05.26-14.43.28:788][288]LogModuleManager: Shutting down and abandoning module D3D11RHI (9)
[2016.05.26-14.43.28:788][288]LogModuleManager: Shutting down and abandoning module AnimGraphRuntime (8)
[2016.05.26-14.43.28:788][288]LogModuleManager: Shutting down and abandoning module Renderer (7)
[2016.05.26-14.43.28:788][288]LogModuleManager: Shutting down and abandoning module Engine (6)
[2016.05.26-14.43.28:788][288]LogModuleManager: Shutting down and abandoning module CoreUObject (5)
[2016.05.26-14.43.28:788][288]LogModuleManager: Shutting down and abandoning module NetworkFile (4)
[2016.05.26-14.43.28:788][288]LogModuleManager: Shutting down and abandoning module StreamingFile (3)
[2016.05.26-14.43.28:788][288]LogModuleManager: Shutting down and abandoning module SandboxFile (2)
[2016.05.26-14.43.28:788][288]LogModuleManager: Shutting down and abandoning module PakFile (1)
[2016.05.26-14.43.28:790][288]LogExit: Exiting.
[2016.05.26-14.43.28:791][288]Log file closed, 05/26/16 15:43:28
