Log file open, 06/11/16 17:36:24
LogInit:Display: Running engine for game: GamesCoursework
LogPlatformFile: Not using cached read wrapper
LogInit:Display: RandInit(644507108) SRandInit(644507109).
LogTaskGraph: Started task graph with 4 named threads and 7 total threads.
LogStats: Stats thread started at 0.065636
LogInit: Version: 4.11.2-2946394+++UE4+Release-4.11
LogInit: API Version: 2927265
LogInit: Compiled (64-bit): Apr 18 2016 02:18:46
LogInit: Compiled with Visual C++: 19.00.23026.00
LogInit: Build Configuration: Development
LogInit: Branch Name: ++UE4+Release-4.11
LogInit: Command line:  
LogInit: Base directory: D:/Programs/Programming/Epic Games/4.11/Engine/Binaries/Win64/
LogInit: Installed Engine Build: 1
LogInit: Using libcurl 7.41.0
LogInit:  - built for x86_64-pc-win32
LogInit:  - supports SSL with WinSSL
LogInit:  - other features:
LogInit:      CURL_VERSION_SSL
LogInit:      CURL_VERSION_IPV6
LogInit:      CURL_VERSION_ASYNCHDNS
LogInit:      CURL_VERSION_LARGEFILE
LogInit:      CURL_VERSION_IDN
LogInit:  CurlRequestOptions (configurable via config and command line):
LogInit:  - bVerifyPeer = true  - Libcurl will verify peer certificate
LogInit:  - bUseHttpProxy = false  - Libcurl will NOT use HTTP proxy
LogInit:  - bDontReuseConnections = false  - Libcurl will reuse connections
LogInit:  - CertBundlePath = nullptr  - Libcurl will use whatever was configured at build time.
LogInit: Presizing for max 16777216 objects, including 0 objects not considered by GC, pre-allocating 0 bytes for permanent pool.
LogInit: Object subsystem initialized
[2016.06.11-16.36.24:203][  0]LogInit: Selected Device Profile: [Windows]
[2016.06.11-16.36.24:203][  0]LogInit: Applying CVar settings loaded from the selected device profile: [Windows]
[2016.06.11-16.36.24:215][  0]LogInit: Computer: DESKTOP-P28QPIQ
[2016.06.11-16.36.24:215][  0]LogInit: User: Idiot
[2016.06.11-16.36.24:215][  0]LogInit: CPU Page size=65536, Cores=4
[2016.06.11-16.36.24:215][  0]LogInit: High frequency timer resolution =3.386479 MHz
[2016.06.11-16.36.24:215][  0]LogMemory: Memory total: Physical=8.0GB (8GB approx)
[2016.06.11-16.36.24:215][  0]LogMemory: Platform Memory Stats for Windows
[2016.06.11-16.36.24:215][  0]LogMemory: Process Physical Memory: 312.73 MB used, 312.73 MB peak
[2016.06.11-16.36.24:215][  0]LogMemory: Process Virtual Memory: 314.66 MB used, 314.66 MB peak
[2016.06.11-16.36.24:215][  0]LogMemory: Physical Memory: 2907.63 MB used, 8146.96 MB total
[2016.06.11-16.36.24:215][  0]LogMemory: Virtual Memory: 637.38 MB used, 134217728.00 MB total
[2016.06.11-16.36.24:409][  0]LogTextLocalizationManager: No specific translations for ('en-GB') exist, so ('en') translations will be used.
[2016.06.11-16.36.24:710][  0]LogD3D11RHI: D3D11 adapters:
[2016.06.11-16.36.24:718][  0]LogD3D11RHI:    0. 'AMD Radeon HD 7800 Series' (Feature Level 11_0)
[2016.06.11-16.36.24:718][  0]LogD3D11RHI:       2030MB of dedicated video memory, 0MB of dedicated system memory, and 4073MB of shared system memory, 1 output[s]
[2016.06.11-16.36.24:719][  0]LogD3D11RHI:    1. 'Microsoft Basic Render Driver' (Feature Level 11_0)
[2016.06.11-16.36.24:719][  0]LogD3D11RHI:       0MB of dedicated video memory, 0MB of dedicated system memory, and 4073MB of shared system memory, 0 output[s]
[2016.06.11-16.36.24:719][  0]LogD3D11RHI: Chosen D3D11 Adapter: 0
[2016.06.11-16.36.24:722][  0]LogD3D11RHI: Creating new Direct3DDevice
[2016.06.11-16.36.24:722][  0]LogD3D11RHI:     Adapter Name: AMD Radeon HD 7800 Series
[2016.06.11-16.36.24:722][  0]LogD3D11RHI:   Driver Version: Catalyst 15.8 (internal 16.200.1013.0)
[2016.06.11-16.36.24:722][  0]LogD3D11RHI:      Driver Date: 5-20-2016
[2016.06.11-16.36.24:722][  0]LogRHI: Texture pool is 1361 MB (70% of 1945 MB)
[2016.06.11-16.36.24:727][  0]LogD3D11RHI: Async texture creation disabled: no driver support
[2016.06.11-16.36.24:738][  0]LogShaderCompilers: Guid format shader working directory is -11 characters bigger than the processId version (../../../../../../../Files/UnrealProjects/GamesCoursework/Intermediate/Shaders/WorkingDirectory/8620/).
[2016.06.11-16.36.24:738][  0]LogShaderCompilers: Cleaned the shader compiler working directory 'C:/Users/Idiot/AppData/Local/Temp/UnrealShaderWorkingDir/0571E0114D277F5A802DD99234E25846/'.
[2016.06.11-16.36.24:738][  0]LogShaderCompilers:Display: Using Local Shader Compiler.
[2016.06.11-16.36.26:548][  0]LogTemp:Display: Loaded TP AllDesktopTargetPlatform
[2016.06.11-16.36.26:551][  0]LogTemp:Display: Loaded TP WindowsClientTargetPlatform
[2016.06.11-16.36.26:555][  0]LogTemp:Display: Loaded TP WindowsNoEditorTargetPlatform
[2016.06.11-16.36.26:559][  0]LogTemp:Display: Loaded TP WindowsServerTargetPlatform
[2016.06.11-16.36.26:562][  0]LogTemp:Display: Loaded TP WindowsTargetPlatform
[2016.06.11-16.36.26:566][  0]LogTemp:Display: Loaded TP AndroidTargetPlatform
[2016.06.11-16.36.26:568][  0]LogTemp:Display: Loaded TP Android_ASTCTargetPlatform
[2016.06.11-16.36.26:570][  0]LogTemp:Display: Loaded TP Android_ATCTargetPlatform
[2016.06.11-16.36.26:572][  0]LogTemp:Display: Loaded TP Android_DXTTargetPlatform
[2016.06.11-16.36.26:575][  0]LogTemp:Display: Loaded TP Android_ETC1TargetPlatform
[2016.06.11-16.36.26:577][  0]LogTemp:Display: Loaded TP Android_ETC2TargetPlatform
[2016.06.11-16.36.26:581][  0]LogTemp:Display: Loaded TP Android_MultiTargetPlatform
[2016.06.11-16.36.26:581][  0]LogTemp:Display: Loaded TP Android_PVRTCTargetPlatform
[2016.06.11-16.36.26:582][  0]LogTemp:Display: Loaded TP HTML5TargetPlatform
[2016.06.11-16.36.26:598][  0]LogTemp:Display: Loaded TP IOSTargetPlatform
[2016.06.11-16.36.26:600][  0]LogTemp:Display: Loaded TP TVOSTargetPlatform
[2016.06.11-16.36.26:602][  0]LogTemp:Display: Loaded TP LinuxNoEditorTargetPlatform
[2016.06.11-16.36.26:604][  0]LogTemp:Display: Loaded TP LinuxServerTargetPlatform
[2016.06.11-16.36.26:607][  0]LogTemp:Display: Loaded TP LinuxTargetPlatform
[2016.06.11-16.36.26:607][  0]LogTargetPlatformManager:Display: Building Assets For Windows
[2016.06.11-16.36.26:718][  0]LogDerivedDataCache:Display: Max Cache Size: 512 MB
[2016.06.11-16.36.26:943][  0]LogDerivedDataCache: Loaded boot cache 0.23s 46MB C:/Users/Idiot/AppData/Local/UnrealEngine/4.11/DerivedDataCache/Boot.ddc.
[2016.06.11-16.36.26:944][  0]LogDerivedDataCache:Display: Loaded Boot cache: C:/Users/Idiot/AppData/Local/UnrealEngine/4.11/DerivedDataCache/Boot.ddc
[2016.06.11-16.36.26:944][  0]LogDerivedDataCache: FDerivedDataBackendGraph:  Pak pak cache file ../../../../../../../Files/UnrealProjects/GamesCoursework/DerivedDataCache/DDC.ddp not found, will not use a pak cache.
[2016.06.11-16.36.26:944][  0]LogDerivedDataCache: Unable to find inner node Pak for hierarchical cache Hierarchy.
[2016.06.11-16.36.26:944][  0]LogDerivedDataCache: FDerivedDataBackendGraph:  CompressedPak pak cache file ../../../../../../../Files/UnrealProjects/GamesCoursework/DerivedDataCache/Compressed.ddp not found, will not use a pak cache.
[2016.06.11-16.36.26:944][  0]LogDerivedDataCache: Unable to find inner node CompressedPak for hierarchical cache Hierarchy.
[2016.06.11-16.36.27:003][  0]LogDerivedDataCache:Display: Pak cache opened for reading ../../../Engine/DerivedDataCache/Compressed.ddp.
[2016.06.11-16.36.27:016][  0]LogDerivedDataCache: Using Local data cache path C:/Users/Idiot/AppData/Local/UnrealEngine/Common/DerivedDataCache: Writable
[2016.06.11-16.36.42:241][  0]LogInit: Selected Device Profile: [Windows]
[2016.06.11-16.36.42:294][  0]LogContentStreaming: Texture pool size is 0.00 MB
[2016.06.11-16.36.44:280][  0]LogMaterial: Uniform references updated for custom material expression Custom.
[2016.06.11-16.36.46:715][  0]LogMeshUtilities: No automatic mesh reduction module available
[2016.06.11-16.36.46:715][  0]LogMeshUtilities: No automatic mesh merging module available
[2016.06.11-16.36.46:715][  0]LogMeshUtilities: No distributed automatic mesh merging module available
[2016.06.11-16.36.50:559][  0]LogUObjectArray: 27679 objects as part of root set at end of initial load.
[2016.06.11-16.36.50:559][  0]LogUObjectAllocator: 5591592 out of 0 bytes used by permanent object pool.
[2016.06.11-16.36.50:559][  0]LogUObjectArray: CloseDisregardForGC: 0/0 objects in disregard for GC pool
[2016.06.11-16.36.50:585][  0]LogInit: WinSock: version 1.1 (2.2), MaxSocks=32767, MaxUdp=65467
[2016.06.11-16.36.52:518][  0]LogSlate: SlateFontCache - WITH_FREETYPE: 1, WITH_HARFBUZZ: 1
[2016.06.11-16.36.52:518][  0]LogSlate: SlateFontCache - WITH_FREETYPE: 1, WITH_HARFBUZZ: 1
[2016.06.11-16.36.54:681][  0]LogStreaming:Warning: Failed to read file '../../../Engine/Content/Editor/Slate/Common/Selection_16x.png' error.
[2016.06.11-16.36.54:681][  0]LogSlate: Could not find file for Slate resource: ../../../Engine/Content/Editor/Slate/Common/Selection_16x.png
[2016.06.11-16.36.54:696][  0]LogStreaming:Warning: Failed to read file '../../../Engine/Content/Editor/Slate/Common/Selection_16x.png' error.
[2016.06.11-16.36.54:696][  0]LogSlate: Could not find file for Slate resource: ../../../Engine/Content/Editor/Slate/Common/Selection_16x.png
[2016.06.11-16.36.54:696][  0]LogStreaming:Warning: Failed to read file '../../../Engine/Content/Editor/Slate/Common/Selection_16x.png' error.
[2016.06.11-16.36.54:696][  0]LogSlate: Could not find file for Slate resource: ../../../Engine/Content/Editor/Slate/Common/Selection_16x.png
[2016.06.11-16.37.03:262][  0]LogUdpMessaging: Initializing bridge on interface 0.0.0.0:0 to multicast group 230.0.0.1:6666.
[2016.06.11-16.37.03:780][  0]LogAssetRegistry: FAssetRegistry took 0.0247 seconds to start up
[2016.06.11-16.37.07:384][  0]SourceControl: Info Source control is disabled
[2016.06.11-16.37.07:399][  0]SourceControl: Info Source control is disabled
[2016.06.11-16.37.07:457][  0]SourceControl: Info Source control is disabled
[2016.06.11-16.37.07:511][  0]SourceControl: Info Source control is disabled
[2016.06.11-16.37.08:261][  0]LogHMD: Failed to initialize OpenVR with code 110
[2016.06.11-16.37.08:962][  0]LogEngine: Initializing Engine...
[2016.06.11-16.37.10:005][  0]LogAIModule: Creating AISystem for world NewWorld
[2016.06.11-16.37.10:209][  0]LogInit: XAudio2 using 'Speakers (Realtek High Definition Audio)' : 2 channels at 48 kHz using 32 bits per sample (channel mask 0x3)
[2016.06.11-16.37.10:244][  0]LogInit: FAudioDevice initialized.
[2016.06.11-16.37.10:268][  0]LogDerivedDataCache: Saved boot cache 0.02s 46MB C:/Users/Idiot/AppData/Local/UnrealEngine/4.11/DerivedDataCache/Boot.ddc.
[2016.06.11-16.37.10:287][  0]LogInit: Texture streaming: Enabled
[2016.06.11-16.37.10:718][  0]LogInit: Transaction tracking system initialized
[2016.06.11-16.37.12:976][  0]BlueprintLog: New page: Editor Load
[2016.06.11-16.37.16:805][  0]LocalizationService: Info Localization service is disabled
[2016.06.11-16.37.21:782][  0]LogConsoleResponse:Display: 
[2016.06.11-16.37.24:319][  0]LogCook:Display: Max memory allowance for cook 8192mb
[2016.06.11-16.37.24:319][  0]LogCook:Display: Mobile HDR setting 1
[2016.06.11-16.37.24:326][  0]LogCook:Display: Done creating registry. It took  0.00s.
[2016.06.11-16.37.26:811][  0]LogFileCache: Scanning file cache for directory 'D:/Files/UnrealProjects/GamesCoursework/Content/' took 0.15s
[2016.06.11-16.37.27:614][  0]SourceControl: Info Source control is disabled
[2016.06.11-16.37.27:883][  0]Cmd: MAP LOAD FILE="../../../Engine/Content/Maps/Templates/Template_Default.umap" TEMPLATE=1 SHOWPROGRESS=1 FEATURELEVEL=3
[2016.06.11-16.37.28:066][  0]LightingResults: New page: Lighting Build
[2016.06.11-16.37.28:590][  0]MapCheck: New page: Map Check
[2016.06.11-16.37.28:590][  0]LightingResults: New page: Lighting Build
[2016.06.11-16.37.31:746][  0]LogAIModule: Creating AISystem for world Untitled_1
[2016.06.11-16.37.32:365][  0]LogEditorServer: Finished looking for orphan Actors (0.000 secs)
[2016.06.11-16.37.32:428][  0]Cmd: MAP CHECKDEP NOCLEARLOG
[2016.06.11-16.37.32:487][  0]MapCheck: Info Map check complete: 0 Error(s), 0 Warning(s), took 58.434ms to complete.
[2016.06.11-16.37.32:488][  0]LogFileHelpers: Loading map 'Template_Default' took 4.686
[2016.06.11-16.37.34:034][  0]LogCollectionManager: Loaded 0 collections in 0.006784 seconds
[2016.06.11-16.37.34:196][  0]LogFileCache: Scanning file cache for directory 'D:/Files/UnrealProjects/GamesCoursework/Saved/Collections/' took 0.01s
[2016.06.11-16.37.34:196][  0]LogFileCache: Scanning file cache for directory 'D:/Files/UnrealProjects/GamesCoursework/Content/Developers/Idiot/Collections/' took 0.01s
[2016.06.11-16.37.34:196][  0]LogFileCache: Scanning file cache for directory 'D:/Files/UnrealProjects/GamesCoursework/Content/Collections/' took 0.01s
[2016.06.11-16.37.34:196][  0]LogCollectionManager: Rebuilt the GUID cache for 0 collections in 0.000005 seconds
[2016.06.11-16.37.34:212][  0]LogContentBrowser: Native class hierarchy populated in 0.0151 seconds. Added 1979 classes and 343 folders.
[2016.06.11-16.37.34:284][  0]LogStats: UGameplayTagsManager::ConstructGameplayTagTree: Construct from data asset -  0.000 s
[2016.06.11-16.37.34:284][  0]LogStats: UGameplayTagsManager::ConstructGameplayTagTree: GameplayTagTreeChangedEvent.Broadcast -  0.000 s
[2016.06.11-16.37.34:292][  0]LogContentBrowser: Native class hierarchy updated for 'GameplayTags' in 0.0008 seconds. Added 12 classes and 0 folders.
[2016.06.11-16.37.34:320][  0]LogContentBrowser: Native class hierarchy updated for 'WidgetCarousel' in 0.0006 seconds. Added 0 classes and 0 folders.
[2016.06.11-16.37.34:502][  0]LogContentBrowser: Native class hierarchy updated for 'SuperSearch' in 0.0008 seconds. Added 1 classes and 2 folders.
[2016.06.11-16.37.35:860][  0]LogContentBrowser: Native class hierarchy updated for 'AddContentDialog' in 0.0004 seconds. Added 0 classes and 0 folders.
[2016.06.11-16.37.35:903][  0]LogContentBrowser: Native class hierarchy updated for 'SceneOutliner' in 0.0004 seconds. Added 1 classes and 2 folders.
[2016.06.11-16.37.36:732][  0]LogCrashTracker: Crashtracker disabled due to settings.
[2016.06.11-16.37.36:945][  0]LogUObjectGlobals:Warning: Failed to find object 'Class None.'
[2016.06.11-16.37.37:038][  0]LogContentBrowser: Native class hierarchy updated for 'HierarchicalLODOutliner' in 0.0003 seconds. Added 1 classes and 2 folders.
[2016.06.11-16.37.37:038][  0]LogLoad: Full Startup: 73.57 seconds (BP compile: 0.61 seconds)
[2016.06.11-16.37.37:038][  0]LogExternalProfiler: Found external profiler: VSPerf
[2016.06.11-16.37.37:038][  0]LogExternalProfiler: Using external profiler: VSPerf
[2016.06.11-16.37.37:091][  0]LogOcInput: OculusInput pre-init called
[2016.06.11-16.37.37:678][  0]LogContentStreaming: Texture pool size now 1000 MB
[2016.06.11-16.37.38:473][  0]LogRenderer: Reallocating scene render targets to support 1368x580 (Frame:2).
[2016.06.11-16.37.39:128][  1]LogEditorViewport: Clicking on Actor (LMB): BP_Sky_Sphere_C (Sky Sphere)
[2016.06.11-16.37.39:309][  1]LogEditorViewport: Clicking on Actor (LMB): BP_Sky_Sphere_C (Sky Sphere)
[2016.06.11-16.37.39:332][  1]LogEditorViewport: Clicking on Actor (LMB): BP_Sky_Sphere_C (Sky Sphere)
[2016.06.11-16.37.39:353][  1]LogEditorViewport: Clicking on Actor (LMB): BP_Sky_Sphere_C (Sky Sphere)
[2016.06.11-16.37.39:368][  1]LogFileCache: Retrieving MD5 hashes for directory 'D:/Files/UnrealProjects/GamesCoursework/Content/' took 2.21s
[2016.06.11-16.37.39:857][  2]LogAssetRegistry: Asset discovery search completed in 36.0997 seconds
[2016.06.11-16.37.39:868][  2]LogCollectionManager: Rebuilt the object cache for 0 collections in 0.000001 seconds (found 0 objects)
[2016.06.11-16.37.39:868][  2]LogCollectionManager: Fixed up redirectors for 0 collections in 0.011932 seconds (updated 0 objects)
[2016.06.11-16.37.42:206][263]LogPlayLevel: PlayLevel: No blueprints needed recompiling
[2016.06.11-16.37.42:549][263]PIE: New page: PIE session: Untitled_1 (11 Jun 2016 17:37:42)
[2016.06.11-16.37.42:549][263]LogPlayLevel: Creating play world package: /Temp/UEDPIE_0_Untitled_1
[2016.06.11-16.37.42:637][263]LogPlayLevel: PIE: StaticDuplicateObject took: (0.089021s)
[2016.06.11-16.37.42:638][263]LogAIModule: Creating AISystem for world Untitled_1
[2016.06.11-16.37.42:638][263]LogPlayLevel: PIE: World Init took: (0.000567s)
[2016.06.11-16.37.42:671][263]LogPlayLevel: PIE: Created PIE world by copying editor world from /Temp/Untitled_1.Untitled_1 to /Temp/UEDPIE_0_Untitled_1.Untitled_1 (0.122027s)
[2016.06.11-16.37.42:817][263]LogInit: XAudio2 using 'Speakers (Realtek High Definition Audio)' : 2 channels at 48 kHz using 32 bits per sample (channel mask 0x3)
[2016.06.11-16.37.42:827][263]LogInit: FAudioDevice initialized.
[2016.06.11-16.37.50:243][263]LogBlueprint:Warning: USimpleConstructionScript::FixupRootNodeParentReferences() - Couldn't find inherited parent component 'DefaultSceneRoot' for 'StaticMesh' in BlueprintGeneratedClass 'REINST_MyWoodTile_C_25' (it may have been removed)
[2016.06.11-16.37.50:328][263]LogBlueprint:Warning: USimpleConstructionScript::FixupRootNodeParentReferences() - Couldn't find inherited parent component 'DefaultSceneRoot' for 'StaticMesh' in BlueprintGeneratedClass 'REINST_MyStoneTile_C_28' (it may have been removed)
[2016.06.11-16.37.50:337][263]LogBlueprint:Warning: USimpleConstructionScript::FixupRootNodeParentReferences() - Couldn't find inherited parent component 'DefaultSceneRoot' for 'StaticMesh' in BlueprintGeneratedClass 'REINST_MyHutTile_C_31' (it may have been removed)
[2016.06.11-16.37.50:344][263]LogBlueprint:Warning: USimpleConstructionScript::FixupRootNodeParentReferences() - Couldn't find inherited parent component 'DefaultSceneRoot' for 'StaticMesh' in BlueprintGeneratedClass 'REINST_MyFarmTile_C_34' (it may have been removed)
[2016.06.11-16.37.50:356][263]LogBlueprint:Warning: USimpleConstructionScript::FixupRootNodeParentReferences() - Couldn't find inherited parent component 'DefaultSceneRoot' for 'Campfire' in BlueprintGeneratedClass 'REINST_MyFireTile_C_37' (it may have been removed)
[2016.06.11-16.37.51:642][263]LogPackageName:Warning: String asset reference "Env_Ice_Rocky.Mesh.Env_Ice_NordHeed01" is in short form, which is unsupported and -- even if valid -- resolving it will be really slow. Please consider resaving package in order to speed-up loading.
[2016.06.11-16.37.51:690][263]LogPackageName: SearchForPackageOnDisk took   0.048s, but failed to resolve Env_Ice_Rocky.
[2016.06.11-16.37.51:690][263]LogPackageName:Warning: String asset reference "Env_Ice_Rocky.Mesh.Env_Ice_NordHeed01" could not be resolved.
[2016.06.11-16.37.52:156][263]LogWorld: Game class is 'MyGameMode_C'
[2016.06.11-16.37.52:206][263]LogWorld: Bringing World /Temp/UEDPIE_0_Untitled_1.Untitled_1 up for play (max tick rate 0) at 2016.06.11-17.37.52
[2016.06.11-16.37.52:207][263]LogWorld: Bringing up level for play took: 0.001545
[2016.06.11-16.37.52:360][263]LogContentBrowser: Native class hierarchy updated for 'MovieSceneCapture' in 0.0008 seconds. Added 9 classes and 0 folders.
[2016.06.11-16.37.52:642][263]PIE: Info Play in editor start time for /Temp/UEDPIE_0_Untitled_1 9.467
[2016.06.11-16.38.04:627][514]LogAIModule: Creating AISystem for world MyGameMap
[2016.06.11-16.38.04:748][514]Cmd: MAP LOAD FILE="../../../../../../../Files/UnrealProjects/GamesCoursework/Content/MyGameMap.umap" TEMPLATE=0 SHOWPROGRESS=1 FEATURELEVEL=3
[2016.06.11-16.38.04:748][514]LightingResults: New page: Lighting Build
[2016.06.11-16.38.04:773][514]LoadErrors: New page: Loading map: MyGameMap.umap
[2016.06.11-16.38.04:773][514]MapCheck: New page: Map Check
[2016.06.11-16.38.04:773][514]LightingResults: New page: Lighting Build
[2016.06.11-16.38.04:941][514]LogEditorServer: Finished looking for orphan Actors (0.000 secs)
[2016.06.11-16.38.04:978][514]Cmd: MAP CHECKDEP NOCLEARLOG
[2016.06.11-16.38.05:010][514]MapCheck: Info Map check complete: 0 Error(s), 0 Warning(s), took 31.504ms to complete.
[2016.06.11-16.38.05:010][514]LogFileHelpers: Loading map 'MyGameMap' took 0.289
[2016.06.11-16.38.06:675][699]LogBlueprintUserMessages: Early PlayInEditor Detection: Level '/Game/MyGameMap.MyGameMap:PersistentLevel' has LevelScriptBlueprint '/Game/MyGameMap.MyGameMap:PersistentLevel.MyGameMap' with GeneratedClass '/Game/MyGameMap.MyGameMap_C' with ClassGeneratedBy '/Game/MyGameMap.MyGameMap:PersistentLevel.MyGameMap'
[2016.06.11-16.38.06:675][699]LogPlayLevel: PlayLevel: No blueprints needed recompiling
[2016.06.11-16.38.06:675][699]PIE: New page: PIE session: MyGameMap (11 Jun 2016 17:38:06)
[2016.06.11-16.38.06:675][699]LogPlayLevel: Creating play world package: /Game/UEDPIE_0_MyGameMap
[2016.06.11-16.38.06:685][699]LogPlayLevel: PIE: StaticDuplicateObject took: (0.010650s)
[2016.06.11-16.38.06:686][699]LogAIModule: Creating AISystem for world MyGameMap
[2016.06.11-16.38.06:686][699]LogPlayLevel: PIE: World Init took: (0.000476s)
[2016.06.11-16.38.06:686][699]LogPlayLevel: PIE: Created PIE world by copying editor world from /Game/MyGameMap.MyGameMap to /Game/UEDPIE_0_MyGameMap.MyGameMap (0.011301s)
[2016.06.11-16.38.06:697][699]LogInit: XAudio2 using 'Speakers (Realtek High Definition Audio)' : 2 channels at 48 kHz using 32 bits per sample (channel mask 0x3)
[2016.06.11-16.38.06:704][699]LogInit: FAudioDevice initialized.
[2016.06.11-16.38.06:731][699]LogWorld: Game class is 'MyGameMode_C'
[2016.06.11-16.38.06:736][699]LogWorld: Bringing World /Game/UEDPIE_0_MyGameMap.MyGameMap up for play (max tick rate 0) at 2016.06.11-17.38.06
[2016.06.11-16.38.06:736][699]LogWorld: Bringing up level for play took: 0.005012
[2016.06.11-16.38.06:740][699]PIE: Info Play in editor start time for /Game/UEDPIE_0_MyGameMap -0.435
[2016.06.11-16.38.06:740][699]LogBlueprintUserMessages: Late PlayInEditor Detection: Level '/Game/MyGameMap.MyGameMap:PersistentLevel' has LevelScriptBlueprint '/Game/MyGameMap.MyGameMap:PersistentLevel.MyGameMap' with GeneratedClass '/Game/MyGameMap.MyGameMap_C' with ClassGeneratedBy '/Game/MyGameMap.MyGameMap:PersistentLevel.MyGameMap'
[2016.06.11-16.39.22:741][764]LogWindowsTextInputMethodSystem:Display: IME system now deactivated.
[2016.06.11-16.39.22:832][764]LogBlueprintUserMessages: Early EndPlayMap Detection: Level '/Game/MyGameMap.MyGameMap:PersistentLevel' has LevelScriptBlueprint '/Game/MyGameMap.MyGameMap:PersistentLevel.MyGameMap' with GeneratedClass '/Game/MyGameMap.MyGameMap_C' with ClassGeneratedBy '/Game/MyGameMap.MyGameMap:PersistentLevel.MyGameMap'
[2016.06.11-16.39.22:859][764]LogBlueprintUserMessages: Late EndPlayMap Detection: Level '/Game/MyGameMap.MyGameMap:PersistentLevel' has LevelScriptBlueprint '/Game/MyGameMap.MyGameMap:PersistentLevel.MyGameMap' with GeneratedClass '/Game/MyGameMap.MyGameMap_C' with ClassGeneratedBy '/Game/MyGameMap.MyGameMap:PersistentLevel.MyGameMap'
[2016.06.11-16.39.23:059][765]Cmd: QUIT_EDITOR
[2016.06.11-16.39.23:315][765]LogExit: Preparing to exit.
[2016.06.11-16.39.24:604][765]LogExit: Editor shut down
[2016.06.11-16.39.24:605][765]LogExit: Transaction tracking system shut down
[2016.06.11-16.39.25:017][765]LogObj: Freed 0b from 0 cluster array pools.
[2016.06.11-16.39.25:017][765]LogExit: Object subsystem successfully closed.
[2016.06.11-16.39.25:105][765]LogD3D11RHI: Shutdown
[2016.06.11-16.39.25:105][765]LogD3D11RHI: CleanupD3DDevice
[2016.06.11-16.39.25:207][765]LogD3D11RHI: ~FD3D11DynamicRHI
[2016.06.11-16.39.25:249][765]LogDerivedDataCache: Shutdown
[2016.06.11-16.39.25:460][765]LogModuleManager: Shutting down and abandoning module MovieSceneCapture (205)
[2016.06.11-16.39.25:460][765]LogModuleManager: Shutting down and abandoning module HierarchicalLODOutliner (204)
[2016.06.11-16.39.25:478][765]LogModuleManager: Shutting down and abandoning module CrashTracker (203)
[2016.06.11-16.39.25:478][765]LogModuleManager: Shutting down and abandoning module SceneOutliner (202)
[2016.06.11-16.39.25:478][765]LogModuleManager: Shutting down and abandoning module SuperSearch (201)
[2016.06.11-16.39.25:478][765]LogModuleManager: Shutting down and abandoning module WidgetCarousel (200)
[2016.06.11-16.39.25:478][765]LogModuleManager: Shutting down and abandoning module AddContentDialog (199)
[2016.06.11-16.39.25:482][765]LogModuleManager: Shutting down and abandoning module GameplayTags (198)
[2016.06.11-16.39.25:482][765]LogModuleManager: Shutting down and abandoning module EditorWidgets (197)
[2016.06.11-16.39.25:482][765]LogModuleManager: Shutting down and abandoning module CollectionManager (196)
[2016.06.11-16.39.25:483][765]LogModuleManager: Shutting down and abandoning module StatsViewer (195)
[2016.06.11-16.39.25:502][765]LogModuleManager: Shutting down and abandoning module FoliageEdit (194)
[2016.06.11-16.39.25:502][765]LogModuleManager: Shutting down and abandoning module LandscapeEditor (193)
[2016.06.11-16.39.25:508][765]LogModuleManager: Shutting down and abandoning module ActorPickerMode (192)
[2016.06.11-16.39.25:508][765]LogModuleManager: Shutting down and abandoning module GeometryMode (191)
[2016.06.11-16.39.25:508][765]LogModuleManager: Shutting down and abandoning module TextureAlignMode (190)
[2016.06.11-16.39.25:508][765]LogModuleManager: Shutting down and abandoning module BspMode (189)
[2016.06.11-16.39.25:508][765]LogModuleManager: Shutting down and abandoning module PlacementMode (188)
[2016.06.11-16.39.25:508][765]LogModuleManager: Shutting down and abandoning module AutomationWorker (187)
[2016.06.11-16.39.25:508][765]LogModuleManager: Shutting down and abandoning module CharacterAI (186)
[2016.06.11-16.39.25:508][765]LogModuleManager: Shutting down and abandoning module SmartSnapping (185)
[2016.06.11-16.39.25:508][765]LogModuleManager: Shutting down and abandoning module ViewportSnapping (184)
[2016.06.11-16.39.25:508][765]LogModuleManager: Shutting down and abandoning module LogVisualizer (183)
[2016.06.11-16.39.25:553][765]LogModuleManager: Shutting down and abandoning module GameProjectGeneration (182)
[2016.06.11-16.39.25:575][765]LogModuleManager: Shutting down and abandoning module IntroTutorials (181)
[2016.06.11-16.39.25:583][765]LogModuleManager: Shutting down and abandoning module EditorLiveStreaming (180)
[2016.06.11-16.39.25:583][765]LogModuleManager: Shutting down and abandoning module IOSPlatformEditor (179)
[2016.06.11-16.39.25:583][765]LogModuleManager: Shutting down and abandoning module HTML5PlatformEditor (178)
[2016.06.11-16.39.25:583][765]LogModuleManager: Shutting down and abandoning module AndroidDeviceDetection (177)
[2016.06.11-16.39.26:082][765]LogModuleManager: Shutting down and abandoning module AndroidPlatformEditor (176)
[2016.06.11-16.39.26:082][765]LogModuleManager: Shutting down and abandoning module IOSRuntimeSettings (175)
[2016.06.11-16.39.26:082][765]LogModuleManager: Shutting down and abandoning module AndroidRuntimeSettings (174)
[2016.06.11-16.39.26:082][765]LogModuleManager: Shutting down and abandoning module MergeActors (173)
[2016.06.11-16.39.26:095][765]LogModuleManager: Shutting down and abandoning module SizeMap (172)
[2016.06.11-16.39.26:095][765]LogModuleManager: Shutting down and abandoning module TreeMap (171)
[2016.06.11-16.39.26:095][765]LogModuleManager: Shutting down and abandoning module ReferenceViewer (170)
[2016.06.11-16.39.26:095][765]LogModuleManager: Shutting down and abandoning module LocalizationService (169)
[2016.06.11-16.39.26:095][765]LogModuleManager: Shutting down and abandoning module LocalizationDashboard (168)
[2016.06.11-16.39.26:101][765]LogModuleManager: Shutting down and abandoning module HardwareTargeting (167)
[2016.06.11-16.39.26:114][765]LogModuleManager: Shutting down and abandoning module DeviceProfileEditor (166)
[2016.06.11-16.39.26:118][765]LogModuleManager: Shutting down and abandoning module UndoHistory (165)
[2016.06.11-16.39.26:128][765]LogModuleManager: Shutting down and abandoning module UserFeedback (164)
[2016.06.11-16.39.26:128][765]LogModuleManager: Shutting down and abandoning module XmlParser (163)
[2016.06.11-16.39.26:128][765]LogModuleManager: Shutting down and abandoning module Blutility (162)
[2016.06.11-16.39.26:128][765]LogModuleManager: Shutting down and abandoning module ProjectTargetPlatformEditor (161)
[2016.06.11-16.39.26:129][765]LogModuleManager: Shutting down and abandoning module ProjectSettingsViewer (160)
[2016.06.11-16.39.26:129][765]LogModuleManager: Shutting down and abandoning module InputBindingEditor (159)
[2016.06.11-16.39.26:129][765]LogModuleManager: Shutting down and abandoning module EditorSettingsViewer (158)
[2016.06.11-16.39.26:129][765]LogModuleManager: Shutting down and abandoning module SettingsEditor (157)
[2016.06.11-16.39.26:151][765]LogModuleManager: Shutting down and abandoning module ProjectLauncher (156)
[2016.06.11-16.39.26:173][765]LogModuleManager: Shutting down and abandoning module SessionFrontend (155)
[2016.06.11-16.39.26:181][765]LogModuleManager: Shutting down and abandoning module ProfilerClient (154)
[2016.06.11-16.39.26:199][765]LogModuleManager: Shutting down and abandoning module TargetDeviceServices (153)
[2016.06.11-16.39.26:199][765]LogModuleManager: Shutting down and abandoning module DeviceManager (152)
[2016.06.11-16.39.26:257][765]LogModuleManager: Shutting down and abandoning module AutomationController (151)
[2016.06.11-16.39.26:275][765]LogModuleManager: Shutting down and abandoning module AutomationWindow (150)
[2016.06.11-16.39.26:297][765]LogModuleManager: Shutting down and abandoning module Layers (149)
[2016.06.11-16.39.26:318][765]LogModuleManager: Shutting down and abandoning module ComponentVisualizers (148)
[2016.06.11-16.39.26:318][765]LogModuleManager: Shutting down and abandoning module DetailCustomizations (147)
[2016.06.11-16.39.26:327][765]LogModuleManager: Shutting down and abandoning module PackagesDialog (146)
[2016.06.11-16.39.26:347][765]LogModuleManager: Shutting down and abandoning module Persona (145)
[2016.06.11-16.39.26:366][765]LogModuleManager: Shutting down and abandoning module Kismet (144)
[2016.06.11-16.39.26:378][765]LogModuleManager: Shutting down and abandoning module GraphEditor (143)
[2016.06.11-16.39.26:407][765]LogModuleManager: Shutting down and abandoning module ClassViewer (142)
[2016.06.11-16.39.26:417][765]LogModuleManager: Shutting down and abandoning module Toolbox (141)
[2016.06.11-16.39.26:417][765]LogModuleManager: Shutting down and abandoning module ModuleUI (140)
[2016.06.11-16.39.26:431][765]LogModuleManager: Shutting down and abandoning module MovieSceneTools (139)
[2016.06.11-16.39.26:431][765]LogModuleManager: Shutting down and abandoning module OutputLog (138)
[2016.06.11-16.39.26:431][765]LogModuleManager: Shutting down and abandoning module GammaUI (137)
[2016.06.11-16.39.26:449][765]LogModuleManager: Shutting down and abandoning module Documentation (136)
[2016.06.11-16.39.26:449][765]LogModuleManager: Shutting down and abandoning module StreamingPauseRendering (135)
[2016.06.11-16.39.26:449][765]LogModuleManager: Shutting down and abandoning module AnalyticsET (134)
[2016.06.11-16.39.26:449][765]LogModuleManager: Shutting down and abandoning module Analytics (133)
[2016.06.11-16.39.26:449][765]LogModuleManager: Shutting down and abandoning module PortalServices (132)
[2016.06.11-16.39.26:449][765]LogModuleManager: Shutting down and abandoning module PortalRpc (131)
[2016.06.11-16.39.26:449][765]LogModuleManager: Shutting down and abandoning module MessagingRpc (130)
[2016.06.11-16.39.26:449][765]LogModuleManager: Shutting down and abandoning module AITestSuite (129)
[2016.06.11-16.39.26:449][765]LogModuleManager: Shutting down and abandoning module GameplayDebugger (128)
[2016.06.11-16.39.26:449][765]LogModuleManager: Shutting down and abandoning module AIModule (127)
[2016.06.11-16.39.26:449][765]LogModuleManager: Shutting down and abandoning module ProfilerService (126)
[2016.06.11-16.39.26:539][765]LogModuleManager: Shutting down and abandoning module TaskGraph (125)
[2016.06.11-16.39.26:554][765]LogModuleManager: Shutting down and abandoning module SlateRemote (124)
[2016.06.11-16.39.26:554][765]LogModuleManager: Shutting down and abandoning module SteamVRController (123)
[2016.06.11-16.39.26:554][765]LogModuleManager: Shutting down and abandoning module SteamVR (122)
[2016.06.11-16.39.26:554][765]LogModuleManager: Shutting down and abandoning module ProceduralMeshComponent (121)
[2016.06.11-16.39.26:554][765]LogModuleManager: Shutting down and abandoning module OculusLibrary (120)
[2016.06.11-16.39.26:554][765]LogModuleManager: Shutting down and abandoning module OculusInput (119)
[2016.06.11-16.39.26:554][765]LogModuleManager: Shutting down and abandoning module CustomMeshComponent (118)
[2016.06.11-16.39.26:554][765]LogModuleManager: Shutting down and abandoning module CableComponent (117)
[2016.06.11-16.39.26:554][765]LogModuleManager: Shutting down and abandoning module ArchVisCharacter (116)
[2016.06.11-16.39.26:554][765]LogModuleManager: Shutting down and abandoning module MediaPlayerEditor (115)
[2016.06.11-16.39.26:570][765]LogModuleManager: Shutting down and abandoning module HTML5Networking (114)
[2016.06.11-16.39.26:570][765]LogModuleManager: Shutting down and abandoning module SpeedTreeImporter (113)
[2016.06.11-16.39.26:570][765]LogModuleManager: Shutting down and abandoning module PluginBrowser (112)
[2016.06.11-16.39.26:570][765]LogModuleManager: Shutting down and abandoning module EpicSurvey (111)
[2016.06.11-16.39.26:570][765]LogModuleManager: Shutting down and abandoning module DesktopPlatform (110)
[2016.06.11-16.39.26:570][765]LogModuleManager: Shutting down and abandoning module VisualStudioSourceCodeAccess (109)
[2016.06.11-16.39.26:570][765]LogModuleManager: Shutting down and abandoning module UObjectPlugin (108)
[2016.06.11-16.39.26:570][765]LogModuleManager: Shutting down and abandoning module SubversionSourceControl (107)
[2016.06.11-16.39.26:570][765]LogModuleManager: Shutting down and abandoning module PerforceSourceControl (106)
[2016.06.11-16.39.26:570][765]LogModuleManager: Shutting down and abandoning module SourceControl (105)
[2016.06.11-16.39.26:570][765]LogModuleManager: Shutting down and abandoning module GitSourceControl (104)
[2016.06.11-16.39.26:570][765]LogModuleManager: Shutting down and abandoning module LightPropagationVolumeEditor (103)
[2016.06.11-16.39.26:570][765]LogModuleManager: Shutting down and abandoning module PaperTiledImporter (102)
[2016.06.11-16.39.26:570][765]LogModuleManager: Shutting down and abandoning module PaperSpriteSheetImporter (101)
[2016.06.11-16.39.26:570][765]LogModuleManager: Shutting down and abandoning module MeshPaint (100)
[2016.06.11-16.39.26:570][765]LogModuleManager: Shutting down and abandoning module HotReload (99)
[2016.06.11-16.39.26:571][765]LogModuleManager: Shutting down and abandoning module MainFrame (98)
[2016.06.11-16.39.26:571][765]LogModuleManager: Shutting down and abandoning module LevelEditor (97)
[2016.06.11-16.39.26:572][765]LogModuleManager: Shutting down and abandoning module DirectoryWatcher (96)
[2016.06.11-16.39.26:575][765]LogModuleManager: Shutting down and abandoning module AssetRegistry (95)
[2016.06.11-16.39.26:703][765]LogModuleManager: Shutting down and abandoning module ContentBrowser (94)
[2016.06.11-16.39.26:703][765]LogModuleManager: Shutting down and abandoning module Paper2DEditor (93)
[2016.06.11-16.39.26:714][765]LogModuleManager: Shutting down and abandoning module UdpMessaging (92)
[2016.06.11-16.39.26:815][765]LogModuleManager: Shutting down and abandoning module LightPropagationVolumeRuntime (91)
[2016.06.11-16.39.26:815][765]LogModuleManager: Shutting down and abandoning module Paper2D (90)
[2016.06.11-16.39.26:815][765]LogModuleManager: Shutting down and abandoning module WindowsMoviePlayer (89)
[2016.06.11-16.39.26:815][765]LogModuleManager: Shutting down and abandoning module Media (88)
[2016.06.11-16.39.26:815][765]LogModuleManager: Shutting down and abandoning module WmfMedia (87)
[2016.06.11-16.39.26:823][765]LogModuleManager: Shutting down and abandoning module MediaAssets (86)
[2016.06.11-16.39.26:823][765]LogModuleManager: Shutting down and abandoning module GameLiveStreaming (85)
[2016.06.11-16.39.26:823][765]LogModuleManager: Shutting down and abandoning module GameplayTagsEditor (84)
[2016.06.11-16.39.26:823][765]LogModuleManager: Shutting down and abandoning module OnlineBlueprintSupport (83)
[2016.06.11-16.39.26:823][765]LogModuleManager: Shutting down and abandoning module GameplayTasksEditor (82)
[2016.06.11-16.39.26:823][765]LogModuleManager: Shutting down and abandoning module PropertyEditor (81)
[2016.06.11-16.39.26:823][765]LogModuleManager: Shutting down and abandoning module BehaviorTreeEditor (80)
[2016.06.11-16.39.26:830][765]LogModuleManager: Shutting down and abandoning module FunctionalTesting (79)
[2016.06.11-16.39.26:830][765]LogModuleManager: Shutting down and abandoning module CollisionAnalyzer (78)
[2016.06.11-16.39.26:845][765]LogModuleManager: Shutting down and abandoning module WorkspaceMenuStructure (77)
[2016.06.11-16.39.26:845][765]LogModuleManager: Shutting down and abandoning module MessageLog (76)
[2016.06.11-16.39.26:845][765]LogModuleManager: Shutting down and abandoning module Sequencer (75)
[2016.06.11-16.39.26:874][765]LogModuleManager: Shutting down and abandoning module AssetTools (74)
[2016.06.11-16.39.26:890][765]LogModuleManager: Shutting down and abandoning module UMGEditor (73)
[2016.06.11-16.39.26:909][765]LogModuleManager: Shutting down and abandoning module UMG (72)
[2016.06.11-16.39.26:909][765]LogModuleManager: Shutting down and abandoning module SlateReflector (71)
[2016.06.11-16.39.26:930][765]LogModuleManager: Shutting down and abandoning module Slate (70)
[2016.06.11-16.39.26:930][765]LogModuleManager: Shutting down and abandoning module EditorStyle (69)
[2016.06.11-16.39.26:933][765]LogModuleManager: Shutting down and abandoning module SessionServices (68)
[2016.06.11-16.39.26:933][765]LogModuleManager: Shutting down and abandoning module SourceCodeAccess (67)
[2016.06.11-16.39.26:933][765]LogModuleManager: Shutting down and abandoning module HeadMountedDisplay (66)
[2016.06.11-16.39.26:933][765]LogModuleManager: Shutting down and abandoning module XAudio2 (65)
[2016.06.11-16.39.26:933][765]LogModuleManager: Shutting down and abandoning module Networking (63)
[2016.06.11-16.39.26:933][765]LogModuleManager: Shutting down and abandoning module Core (62)
[2016.06.11-16.39.26:933][765]LogModuleManager: Shutting down and abandoning module KismetCompiler (61)
[2016.06.11-16.39.26:933][765]LogModuleManager: Shutting down and abandoning module PhysXFormats (60)
[2016.06.11-16.39.26:933][765]LogModuleManager: Shutting down and abandoning module MeshUtilities (59)
[2016.06.11-16.39.26:948][765]LogModuleManager: Shutting down and abandoning module CookingStats (58)
[2016.06.11-16.39.26:948][765]LogModuleManager: Shutting down and abandoning module DerivedDataCache (57)
[2016.06.11-16.39.26:948][765]LogDerivedDataCache: Shutdown
[2016.06.11-16.39.26:948][765]LogModuleManager: Shutting down and abandoning module ShaderFormatOpenGL (56)
[2016.06.11-16.39.26:966][765]LogModuleManager: Shutting down and abandoning module ShaderFormatD3D (55)
[2016.06.11-16.39.26:966][765]LogModuleManager: Shutting down and abandoning module MetalShaderFormat (54)
[2016.06.11-16.39.26:989][765]LogModuleManager: Shutting down and abandoning module TextureFormatUncompressed (53)
[2016.06.11-16.39.26:989][765]LogModuleManager: Shutting down and abandoning module TextureFormatPVR (52)
[2016.06.11-16.39.26:989][765]LogModuleManager: Shutting down and abandoning module TextureFormatIntelISPCTexComp (51)
[2016.06.11-16.39.26:989][765]LogModuleManager: Shutting down and abandoning module TextureFormatDXT (50)
[2016.06.11-16.39.26:989][765]LogModuleManager: Shutting down and abandoning module ImageWrapper (49)
[2016.06.11-16.39.26:989][765]LogModuleManager: Shutting down and abandoning module TextureFormatASTC (48)
[2016.06.11-16.39.26:989][765]LogModuleManager: Shutting down and abandoning module TextureFormatAndroid (47)
[2016.06.11-16.39.26:989][765]LogModuleManager: Shutting down and abandoning module AudioFormatOpus (46)
[2016.06.11-16.39.26:989][765]LogModuleManager: Shutting down and abandoning module AudioFormatOgg (45)
[2016.06.11-16.39.26:989][765]LogModuleManager: Shutting down and abandoning module AudioFormatADPCM (44)
[2016.06.11-16.39.26:989][765]LogModuleManager: Shutting down and abandoning module LinuxTargetPlatform (43)
[2016.06.11-16.39.26:989][765]LogModuleManager: Shutting down and abandoning module LinuxServerTargetPlatform (42)
[2016.06.11-16.39.26:989][765]LogModuleManager: Shutting down and abandoning module LinuxNoEditorTargetPlatform (41)
[2016.06.11-16.39.26:989][765]LogModuleManager: Shutting down and abandoning module TVOSTargetPlatform (40)
[2016.06.11-16.39.26:989][765]LogModuleManager: Shutting down and abandoning module Messaging (39)
[2016.06.11-16.39.26:989][765]LogModuleManager: Shutting down and abandoning module IOSTargetPlatform (38)
[2016.06.11-16.39.26:989][765]LogModuleManager: Shutting down and abandoning module HTML5TargetPlatform (37)
[2016.06.11-16.39.26:989][765]LogModuleManager: Shutting down and abandoning module Android_PVRTCTargetPlatform (36)
[2016.06.11-16.39.26:989][765]LogModuleManager: Shutting down and abandoning module Android_MultiTargetPlatform (35)
[2016.06.11-16.39.26:989][765]LogModuleManager: Shutting down and abandoning module Android_ETC2TargetPlatform (34)
[2016.06.11-16.39.26:989][765]LogModuleManager: Shutting down and abandoning module Android_ETC1TargetPlatform (33)
[2016.06.11-16.39.26:989][765]LogModuleManager: Shutting down and abandoning module Android_DXTTargetPlatform (32)
[2016.06.11-16.39.26:989][765]LogModuleManager: Shutting down and abandoning module Android_ATCTargetPlatform (31)
[2016.06.11-16.39.26:990][765]LogModuleManager: Shutting down and abandoning module Android_ASTCTargetPlatform (30)
[2016.06.11-16.39.26:990][765]LogModuleManager: Shutting down and abandoning module AndroidTargetPlatform (29)
[2016.06.11-16.39.26:990][765]LogModuleManager: Shutting down and abandoning module WindowsTargetPlatform (28)
[2016.06.11-16.39.26:990][765]LogModuleManager: Shutting down and abandoning module WindowsServerTargetPlatform (27)
[2016.06.11-16.39.26:990][765]LogModuleManager: Shutting down and abandoning module WindowsNoEditorTargetPlatform (26)
[2016.06.11-16.39.26:990][765]LogModuleManager: Shutting down and abandoning module WindowsClientTargetPlatform (25)
[2016.06.11-16.39.26:990][765]LogModuleManager: Shutting down and abandoning module AllDesktopTargetPlatform (24)
[2016.06.11-16.39.26:990][765]LogModuleManager: Shutting down and abandoning module TargetPlatform (23)
[2016.06.11-16.39.26:990][765]LogModuleManager: Shutting down and abandoning module InputCore (22)
[2016.06.11-16.39.26:990][765]LogModuleManager: Shutting down and abandoning module Settings (21)
[2016.06.11-16.39.26:990][765]LogModuleManager: Shutting down and abandoning module OnlineSubsystem (19)
[2016.06.11-16.39.26:990][765]LogModuleManager: Shutting down and abandoning module HTTP (18)
[2016.06.11-16.39.27:993][765]LogModuleManager: Shutting down and abandoning module XMPP (17)
[2016.06.11-16.39.28:011][765]LogModuleManager: Shutting down and abandoning module OculusRift (16)
[2016.06.11-16.39.28:029][765]LogModuleManager: Shutting down and abandoning module ExampleDeviceProfileSelector (15)
[2016.06.11-16.39.28:029][765]LogModuleManager: Shutting down and abandoning module TextureCompressor (14)
[2016.06.11-16.39.28:029][765]LogModuleManager: Shutting down and abandoning module ShaderCore (13)
[2016.06.11-16.39.28:029][765]LogModuleManager: Shutting down and abandoning module Landscape (12)
[2016.06.11-16.39.28:029][765]LogModuleManager: Shutting down and abandoning module SlateRHIRenderer (11)
[2016.06.11-16.39.28:042][765]LogModuleManager: Shutting down and abandoning module OpenGLDrv (10)
[2016.06.11-16.39.28:060][765]LogModuleManager: Shutting down and abandoning module D3D11RHI (9)
[2016.06.11-16.39.28:060][765]LogModuleManager: Shutting down and abandoning module AnimGraphRuntime (8)
[2016.06.11-16.39.28:060][765]LogModuleManager: Shutting down and abandoning module Renderer (7)
[2016.06.11-16.39.28:060][765]LogModuleManager: Shutting down and abandoning module Engine (6)
[2016.06.11-16.39.28:060][765]LogModuleManager: Shutting down and abandoning module CoreUObject (5)
[2016.06.11-16.39.28:060][765]LogModuleManager: Shutting down and abandoning module NetworkFile (4)
[2016.06.11-16.39.28:073][765]LogModuleManager: Shutting down and abandoning module StreamingFile (3)
[2016.06.11-16.39.28:073][765]LogModuleManager: Shutting down and abandoning module SandboxFile (2)
[2016.06.11-16.39.28:091][765]LogModuleManager: Shutting down and abandoning module PakFile (1)
[2016.06.11-16.39.28:119][765]LogExit: Exiting.
[2016.06.11-16.39.28:120][765]Log file closed, 06/11/16 17:39:28
